  args.c
  common.c
  yarac.c
  正在生成代码...
libyara64.lib(digest.obj) : warning LNK4099: 未找到 PDB“”(使用“libyara64.lib(digest.obj)”或在“”中寻找)；正在链接对象，如同没有调试信息一样
libyara64.lib(m_md5.obj) : warning LNK4099: 未找到 PDB“”(使用“libyara64.lib(m_md5.obj)”或在“”中寻找)；正在链接对象，如同没有调试信息一样
libyara64.lib(m_sha1.obj) : warning LNK4099: 未找到 PDB“”(使用“libyara64.lib(m_sha1.obj)”或在“”中寻找)；正在链接对象，如同没有调试信息一样
libyara64.lib(mem.obj) : warning LNK4099: 未找到 PDB“”(使用“libyara64.lib(mem.obj)”或在“”中寻找)；正在链接对象，如同没有调试信息一样
libyara64.lib(cryptlib.obj) : warning LNK4099: 未找到 PDB“”(使用“libyara64.lib(cryptlib.obj)”或在“”中寻找)；正在链接对象，如同没有调试信息一样
libyara64.lib(err.obj) : warning LNK4099: 未找到 PDB“”(使用“libyara64.lib(err.obj)”或在“”中寻找)；正在链接对象，如同没有调试信息一样
libyara64.lib(evp_lib.obj) : warning LNK4099: 未找到 PDB“”(使用“libyara64.lib(evp_lib.obj)”或在“”中寻找)；正在链接对象，如同没有调试信息一样
libyara64.lib(pmeth_lib.obj) : warning LNK4099: 未找到 PDB“”(使用“libyara64.lib(pmeth_lib.obj)”或在“”中寻找)；正在链接对象，如同没有调试信息一样
libyara64.lib(tb_digest.obj) : warning LNK4099: 未找到 PDB“”(使用“libyara64.lib(tb_digest.obj)”或在“”中寻找)；正在链接对象，如同没有调试信息一样
libyara64.lib(eng_init.obj) : warning LNK4099: 未找到 PDB“”(使用“libyara64.lib(eng_init.obj)”或在“”中寻找)；正在链接对象，如同没有调试信息一样
libyara64.lib(md5_dgst.obj) : warning LNK4099: 未找到 PDB“”(使用“libyara64.lib(md5_dgst.obj)”或在“”中寻找)；正在链接对象，如同没有调试信息一样
libyara64.lib(stack.obj) : warning LNK4099: 未找到 PDB“”(使用“libyara64.lib(stack.obj)”或在“”中寻找)；正在链接对象，如同没有调试信息一样
libyara64.lib(bio_lib.obj) : warning LNK4099: 未找到 PDB“”(使用“libyara64.lib(bio_lib.obj)”或在“”中寻找)；正在链接对象，如同没有调试信息一样
libyara64.lib(bss_mem.obj) : warning LNK4099: 未找到 PDB“”(使用“libyara64.lib(bss_mem.obj)”或在“”中寻找)；正在链接对象，如同没有调试信息一样
libyara64.lib(a_int.obj) : warning LNK4099: 未找到 PDB“”(使用“libyara64.lib(a_int.obj)”或在“”中寻找)；正在链接对象，如同没有调试信息一样
libyara64.lib(asn1_lib.obj) : warning LNK4099: 未找到 PDB“”(使用“libyara64.lib(asn1_lib.obj)”或在“”中寻找)；正在链接对象，如同没有调试信息一样
libyara64.lib(a_strex.obj) : warning LNK4099: 未找到 PDB“”(使用“libyara64.lib(a_strex.obj)”或在“”中寻找)；正在链接对象，如同没有调试信息一样
libyara64.lib(obj_dat.obj) : warning LNK4099: 未找到 PDB“”(使用“libyara64.lib(obj_dat.obj)”或在“”中寻找)；正在链接对象，如同没有调试信息一样
libyara64.lib(names.obj) : warning LNK4099: 未找到 PDB“”(使用“libyara64.lib(names.obj)”或在“”中寻找)；正在链接对象，如同没有调试信息一样
libyara64.lib(pk7_asn1.obj) : warning LNK4099: 未找到 PDB“”(使用“libyara64.lib(pk7_asn1.obj)”或在“”中寻找)；正在链接对象，如同没有调试信息一样
libyara64.lib(pk7_doit.obj) : warning LNK4099: 未找到 PDB“”(使用“libyara64.lib(pk7_doit.obj)”或在“”中寻找)；正在链接对象，如同没有调试信息一样
libyara64.lib(pk7_lib.obj) : warning LNK4099: 未找到 PDB“”(使用“libyara64.lib(pk7_lib.obj)”或在“”中寻找)；正在链接对象，如同没有调试信息一样
libyara64.lib(pk7_smime.obj) : warning LNK4099: 未找到 PDB“”(使用“libyara64.lib(pk7_smime.obj)”或在“”中寻找)；正在链接对象，如同没有调试信息一样
libyara64.lib(x509_att.obj) : warning LNK4099: 未找到 PDB“”(使用“libyara64.lib(x509_att.obj)”或在“”中寻找)；正在链接对象，如同没有调试信息一样
libyara64.lib(sha1dgst.obj) : warning LNK4099: 未找到 PDB“”(使用“libyara64.lib(sha1dgst.obj)”或在“”中寻找)；正在链接对象，如同没有调试信息一样
libyara64.lib(sha256.obj) : warning LNK4099: 未找到 PDB“”(使用“libyara64.lib(sha256.obj)”或在“”中寻找)；正在链接对象，如同没有调试信息一样
libyara64.lib(sha512.obj) : warning LNK4099: 未找到 PDB“”(使用“libyara64.lib(sha512.obj)”或在“”中寻找)；正在链接对象，如同没有调试信息一样
libyara64.lib(ctype.obj) : warning LNK4099: 未找到 PDB“”(使用“libyara64.lib(ctype.obj)”或在“”中寻找)；正在链接对象，如同没有调试信息一样
libyara64.lib(threads_win.obj) : warning LNK4099: 未找到 PDB“”(使用“libyara64.lib(threads_win.obj)”或在“”中寻找)；正在链接对象，如同没有调试信息一样
libyara64.lib(o_str.obj) : warning LNK4099: 未找到 PDB“”(使用“libyara64.lib(o_str.obj)”或在“”中寻找)；正在链接对象，如同没有调试信息一样
libyara64.lib(init.obj) : warning LNK4099: 未找到 PDB“”(使用“libyara64.lib(init.obj)”或在“”中寻找)；正在链接对象，如同没有调试信息一样
libyara64.lib(b_print.obj) : warning LNK4099: 未找到 PDB“”(使用“libyara64.lib(b_print.obj)”或在“”中寻找)；正在链接对象，如同没有调试信息一样
libyara64.lib(lhash.obj) : warning LNK4099: 未找到 PDB“”(使用“libyara64.lib(lhash.obj)”或在“”中寻找)；正在链接对象，如同没有调试信息一样
libyara64.lib(a_type.obj) : warning LNK4099: 未找到 PDB“”(使用“libyara64.lib(a_type.obj)”或在“”中寻找)；正在链接对象，如同没有调试信息一样
libyara64.lib(a_object.obj) : warning LNK4099: 未找到 PDB“”(使用“libyara64.lib(a_object.obj)”或在“”中寻找)；正在链接对象，如同没有调试信息一样
libyara64.lib(evp_asn1.obj) : warning LNK4099: 未找到 PDB“”(使用“libyara64.lib(evp_asn1.obj)”或在“”中寻找)；正在链接对象，如同没有调试信息一样
libyara64.lib(evp_enc.obj) : warning LNK4099: 未找到 PDB“”(使用“libyara64.lib(evp_enc.obj)”或在“”中寻找)；正在链接对象，如同没有调试信息一样
libyara64.lib(cm_pmeth.obj) : warning LNK4099: 未找到 PDB“”(使用“libyara64.lib(cm_pmeth.obj)”或在“”中寻找)；正在链接对象，如同没有调试信息一样
libyara64.lib(dh_pmeth.obj) : warning LNK4099: 未找到 PDB“”(使用“libyara64.lib(dh_pmeth.obj)”或在“”中寻找)；正在链接对象，如同没有调试信息一样
libyara64.lib(dsa_pmeth.obj) : warning LNK4099: 未找到 PDB“”(使用“libyara64.lib(dsa_pmeth.obj)”或在“”中寻找)；正在链接对象，如同没有调试信息一样
libyara64.lib(ec_pmeth.obj) : warning LNK4099: 未找到 PDB“”(使用“libyara64.lib(ec_pmeth.obj)”或在“”中寻找)；正在链接对象，如同没有调试信息一样
libyara64.lib(sm2_pmeth.obj) : warning LNK4099: 未找到 PDB“”(使用“libyara64.lib(sm2_pmeth.obj)”或在“”中寻找)；正在链接对象，如同没有调试信息一样
libyara64.lib(ecx_meth.obj) : warning LNK4099: 未找到 PDB“”(使用“libyara64.lib(ecx_meth.obj)”或在“”中寻找)；正在链接对象，如同没有调试信息一样
libyara64.lib(hm_pmeth.obj) : warning LNK4099: 未找到 PDB“”(使用“libyara64.lib(hm_pmeth.obj)”或在“”中寻找)；正在链接对象，如同没有调试信息一样
libyara64.lib(rsa_pmeth.obj) : warning LNK4099: 未找到 PDB“”(使用“libyara64.lib(rsa_pmeth.obj)”或在“”中寻找)；正在链接对象，如同没有调试信息一样
libyara64.lib(scrypt.obj) : warning LNK4099: 未找到 PDB“”(使用“libyara64.lib(scrypt.obj)”或在“”中寻找)；正在链接对象，如同没有调试信息一样
libyara64.lib(tls1_prf.obj) : warning LNK4099: 未找到 PDB“”(使用“libyara64.lib(tls1_prf.obj)”或在“”中寻找)；正在链接对象，如同没有调试信息一样
libyara64.lib(hkdf.obj) : warning LNK4099: 未找到 PDB“”(使用“libyara64.lib(hkdf.obj)”或在“”中寻找)；正在链接对象，如同没有调试信息一样
libyara64.lib(poly1305_pmeth.obj) : warning LNK4099: 未找到 PDB“”(使用“libyara64.lib(poly1305_pmeth.obj)”或在“”中寻找)；正在链接对象，如同没有调试信息一样
libyara64.lib(siphash_pmeth.obj) : warning LNK4099: 未找到 PDB“”(使用“libyara64.lib(siphash_pmeth.obj)”或在“”中寻找)；正在链接对象，如同没有调试信息一样
libyara64.lib(p_lib.obj) : warning LNK4099: 未找到 PDB“”(使用“libyara64.lib(p_lib.obj)”或在“”中寻找)；正在链接对象，如同没有调试信息一样
libyara64.lib(tb_pkmeth.obj) : warning LNK4099: 未找到 PDB“”(使用“libyara64.lib(tb_pkmeth.obj)”或在“”中寻找)；正在链接对象，如同没有调试信息一样
libyara64.lib(eng_list.obj) : warning LNK4099: 未找到 PDB“”(使用“libyara64.lib(eng_list.obj)”或在“”中寻找)；正在链接对象，如同没有调试信息一样
libyara64.lib(eng_table.obj) : warning LNK4099: 未找到 PDB“”(使用“libyara64.lib(eng_table.obj)”或在“”中寻找)；正在链接对象，如同没有调试信息一样
libyara64.lib(eng_lib.obj) : warning LNK4099: 未找到 PDB“”(使用“libyara64.lib(eng_lib.obj)”或在“”中寻找)；正在链接对象，如同没有调试信息一样
libyara64.lib(ex_data.obj) : warning LNK4099: 未找到 PDB“”(使用“libyara64.lib(ex_data.obj)”或在“”中寻找)；正在链接对象，如同没有调试信息一样
libyara64.lib(b_sock.obj) : warning LNK4099: 未找到 PDB“”(使用“libyara64.lib(b_sock.obj)”或在“”中寻找)；正在链接对象，如同没有调试信息一样
libyara64.lib(b_addr.obj) : warning LNK4099: 未找到 PDB“”(使用“libyara64.lib(b_addr.obj)”或在“”中寻找)；正在链接对象，如同没有调试信息一样
libyara64.lib(bio_meth.obj) : warning LNK4099: 未找到 PDB“”(使用“libyara64.lib(bio_meth.obj)”或在“”中寻找)；正在链接对象，如同没有调试信息一样
libyara64.lib(buffer.obj) : warning LNK4099: 未找到 PDB“”(使用“libyara64.lib(buffer.obj)”或在“”中寻找)；正在链接对象，如同没有调试信息一样
libyara64.lib(bn_lib.obj) : warning LNK4099: 未找到 PDB“”(使用“libyara64.lib(bn_lib.obj)”或在“”中寻找)；正在链接对象，如同没有调试信息一样
libyara64.lib(tasn_typ.obj) : warning LNK4099: 未找到 PDB“”(使用“libyara64.lib(tasn_typ.obj)”或在“”中寻找)；正在链接对象，如同没有调试信息一样
libyara64.lib(bss_file.obj) : warning LNK4099: 未找到 PDB“”(使用“libyara64.lib(bss_file.obj)”或在“”中寻找)；正在链接对象，如同没有调试信息一样
libyara64.lib(a_utf8.obj) : warning LNK4099: 未找到 PDB“”(使用“libyara64.lib(a_utf8.obj)”或在“”中寻找)；正在链接对象，如同没有调试信息一样
libyara64.lib(asn1_par.obj) : warning LNK4099: 未找到 PDB“”(使用“libyara64.lib(asn1_par.obj)”或在“”中寻找)；正在链接对象，如同没有调试信息一样
libyara64.lib(a_mbstr.obj) : warning LNK4099: 未找到 PDB“”(使用“libyara64.lib(a_mbstr.obj)”或在“”中寻找)；正在链接对象，如同没有调试信息一样
libyara64.lib(x_name.obj) : warning LNK4099: 未找到 PDB“”(使用“libyara64.lib(x_name.obj)”或在“”中寻找)；正在链接对象，如同没有调试信息一样
libyara64.lib(x509name.obj) : warning LNK4099: 未找到 PDB“”(使用“libyara64.lib(x509name.obj)”或在“”中寻找)；正在链接对象，如同没有调试信息一样
libyara64.lib(bn_word.obj) : warning LNK4099: 未找到 PDB“”(使用“libyara64.lib(bn_word.obj)”或在“”中寻找)；正在链接对象，如同没有调试信息一样
libyara64.lib(bn_shift.obj) : warning LNK4099: 未找到 PDB“”(使用“libyara64.lib(bn_shift.obj)”或在“”中寻找)；正在链接对象，如同没有调试信息一样
libyara64.lib(bn_print.obj) : warning LNK4099: 未找到 PDB“”(使用“libyara64.lib(bn_print.obj)”或在“”中寻找)；正在链接对象，如同没有调试信息一样
libyara64.lib(obj_lib.obj) : warning LNK4099: 未找到 PDB“”(使用“libyara64.lib(obj_lib.obj)”或在“”中寻找)；正在链接对象，如同没有调试信息一样
libyara64.lib(o_names.obj) : warning LNK4099: 未找到 PDB“”(使用“libyara64.lib(o_names.obj)”或在“”中寻找)；正在链接对象，如同没有调试信息一样
libyara64.lib(obj_xref.obj) : warning LNK4099: 未找到 PDB“”(使用“libyara64.lib(obj_xref.obj)”或在“”中寻找)；正在链接对象，如同没有调试信息一样
libyara64.lib(evp_pbe.obj) : warning LNK4099: 未找到 PDB“”(使用“libyara64.lib(evp_pbe.obj)”或在“”中寻找)；正在链接对象，如同没有调试信息一样
libyara64.lib(x_algor.obj) : warning LNK4099: 未找到 PDB“”(使用“libyara64.lib(x_algor.obj)”或在“”中寻找)；正在链接对象，如同没有调试信息一样
libyara64.lib(x_attrib.obj) : warning LNK4099: 未找到 PDB“”(使用“libyara64.lib(x_attrib.obj)”或在“”中寻找)；正在链接对象，如同没有调试信息一样
libyara64.lib(x_x509.obj) : warning LNK4099: 未找到 PDB“”(使用“libyara64.lib(x_x509.obj)”或在“”中寻找)；正在链接对象，如同没有调试信息一样
libyara64.lib(x_crl.obj) : warning LNK4099: 未找到 PDB“”(使用“libyara64.lib(x_crl.obj)”或在“”中寻找)；正在链接对象，如同没有调试信息一样
libyara64.lib(a_dup.obj) : warning LNK4099: 未找到 PDB“”(使用“libyara64.lib(a_dup.obj)”或在“”中寻找)；正在链接对象，如同没有调试信息一样
libyara64.lib(tasn_new.obj) : warning LNK4099: 未找到 PDB“”(使用“libyara64.lib(tasn_new.obj)”或在“”中寻找)；正在链接对象，如同没有调试信息一样
libyara64.lib(tasn_fre.obj) : warning LNK4099: 未找到 PDB“”(使用“libyara64.lib(tasn_fre.obj)”或在“”中寻找)；正在链接对象，如同没有调试信息一样
libyara64.lib(tasn_dec.obj) : warning LNK4099: 未找到 PDB“”(使用“libyara64.lib(tasn_dec.obj)”或在“”中寻找)；正在链接对象，如同没有调试信息一样
libyara64.lib(tasn_enc.obj) : warning LNK4099: 未找到 PDB“”(使用“libyara64.lib(tasn_enc.obj)”或在“”中寻找)；正在链接对象，如同没有调试信息一样
libyara64.lib(tasn_prn.obj) : warning LNK4099: 未找到 PDB“”(使用“libyara64.lib(tasn_prn.obj)”或在“”中寻找)；正在链接对象，如同没有调试信息一样
libyara64.lib(bss_null.obj) : warning LNK4099: 未找到 PDB“”(使用“libyara64.lib(bss_null.obj)”或在“”中寻找)；正在链接对象，如同没有调试信息一样
libyara64.lib(rand_lib.obj) : warning LNK4099: 未找到 PDB“”(使用“libyara64.lib(rand_lib.obj)”或在“”中寻找)；正在链接对象，如同没有调试信息一样
libyara64.lib(a_octet.obj) : warning LNK4099: 未找到 PDB“”(使用“libyara64.lib(a_octet.obj)”或在“”中寻找)；正在链接对象，如同没有调试信息一样
libyara64.lib(p_sign.obj) : warning LNK4099: 未找到 PDB“”(使用“libyara64.lib(p_sign.obj)”或在“”中寻找)；正在链接对象，如同没有调试信息一样
libyara64.lib(p_verify.obj) : warning LNK4099: 未找到 PDB“”(使用“libyara64.lib(p_verify.obj)”或在“”中寻找)；正在链接对象，如同没有调试信息一样
libyara64.lib(m_sigver.obj) : warning LNK4099: 未找到 PDB“”(使用“libyara64.lib(m_sigver.obj)”或在“”中寻找)；正在链接对象，如同没有调试信息一样
libyara64.lib(bio_md.obj) : warning LNK4099: 未找到 PDB“”(使用“libyara64.lib(bio_md.obj)”或在“”中寻找)；正在链接对象，如同没有调试信息一样
libyara64.lib(bio_enc.obj) : warning LNK4099: 未找到 PDB“”(使用“libyara64.lib(bio_enc.obj)”或在“”中寻找)；正在链接对象，如同没有调试信息一样
libyara64.lib(pmeth_fn.obj) : warning LNK4099: 未找到 PDB“”(使用“libyara64.lib(pmeth_fn.obj)”或在“”中寻找)；正在链接对象，如同没有调试信息一样
libyara64.lib(x509_vfy.obj) : warning LNK4099: 未找到 PDB“”(使用“libyara64.lib(x509_vfy.obj)”或在“”中寻找)；正在链接对象，如同没有调试信息一样
libyara64.lib(pk7_attr.obj) : warning LNK4099: 未找到 PDB“”(使用“libyara64.lib(pk7_attr.obj)”或在“”中寻找)；正在链接对象，如同没有调试信息一样
libyara64.lib(x509_cmp.obj) : warning LNK4099: 未找到 PDB“”(使用“libyara64.lib(x509_cmp.obj)”或在“”中寻找)；正在链接对象，如同没有调试信息一样
libyara64.lib(x509_set.obj) : warning LNK4099: 未找到 PDB“”(使用“libyara64.lib(x509_set.obj)”或在“”中寻找)；正在链接对象，如同没有调试信息一样
libyara64.lib(x509cset.obj) : warning LNK4099: 未找到 PDB“”(使用“libyara64.lib(x509cset.obj)”或在“”中寻找)；正在链接对象，如同没有调试信息一样
libyara64.lib(bf_buff.obj) : warning LNK4099: 未找到 PDB“”(使用“libyara64.lib(bf_buff.obj)”或在“”中寻找)；正在链接对象，如同没有调试信息一样
libyara64.lib(asn_mime.obj) : warning LNK4099: 未找到 PDB“”(使用“libyara64.lib(asn_mime.obj)”或在“”中寻找)；正在链接对象，如同没有调试信息一样
libyara64.lib(x509_txt.obj) : warning LNK4099: 未找到 PDB“”(使用“libyara64.lib(x509_txt.obj)”或在“”中寻找)；正在链接对象，如同没有调试信息一样
libyara64.lib(a_strnid.obj) : warning LNK4099: 未找到 PDB“”(使用“libyara64.lib(a_strnid.obj)”或在“”中寻找)；正在链接对象，如同没有调试信息一样
libyara64.lib(encode.obj) : warning LNK4099: 未找到 PDB“”(使用“libyara64.lib(encode.obj)”或在“”中寻找)；正在链接对象，如同没有调试信息一样
libyara64.lib(x509_lu.obj) : warning LNK4099: 未找到 PDB“”(使用“libyara64.lib(x509_lu.obj)”或在“”中寻找)；正在链接对象，如同没有调试信息一样
libyara64.lib(x_all.obj) : warning LNK4099: 未找到 PDB“”(使用“libyara64.lib(x_all.obj)”或在“”中寻找)；正在链接对象，如同没有调试信息一样
libyara64.lib(x_pubkey.obj) : warning LNK4099: 未找到 PDB“”(使用“libyara64.lib(x_pubkey.obj)”或在“”中寻找)；正在链接对象，如同没有调试信息一样
libyara64.lib(x509_obj.obj) : warning LNK4099: 未找到 PDB“”(使用“libyara64.lib(x509_obj.obj)”或在“”中寻找)；正在链接对象，如同没有调试信息一样
libyara64.lib(a_time.obj) : warning LNK4099: 未找到 PDB“”(使用“libyara64.lib(a_time.obj)”或在“”中寻找)；正在链接对象，如同没有调试信息一样
libyara64.lib(cms_lib.obj) : warning LNK4099: 未找到 PDB“”(使用“libyara64.lib(cms_lib.obj)”或在“”中寻找)；正在链接对象，如同没有调试信息一样
libyara64.lib(cms_sd.obj) : warning LNK4099: 未找到 PDB“”(使用“libyara64.lib(cms_sd.obj)”或在“”中寻找)；正在链接对象，如同没有调试信息一样
libyara64.lib(ts_asn1.obj) : warning LNK4099: 未找到 PDB“”(使用“libyara64.lib(ts_asn1.obj)”或在“”中寻找)；正在链接对象，如同没有调试信息一样
libyara64.lib(ts_req_utils.obj) : warning LNK4099: 未找到 PDB“”(使用“libyara64.lib(ts_req_utils.obj)”或在“”中寻找)；正在链接对象，如同没有调试信息一样
libyara64.lib(ts_rsp_utils.obj) : warning LNK4099: 未找到 PDB“”(使用“libyara64.lib(ts_rsp_utils.obj)”或在“”中寻找)；正在链接对象，如同没有调试信息一样
libyara64.lib(ts_rsp_verify.obj) : warning LNK4099: 未找到 PDB“”(使用“libyara64.lib(ts_rsp_verify.obj)”或在“”中寻找)；正在链接对象，如同没有调试信息一样
libyara64.lib(ts_verify_ctx.obj) : warning LNK4099: 未找到 PDB“”(使用“libyara64.lib(ts_verify_ctx.obj)”或在“”中寻找)；正在链接对象，如同没有调试信息一样
libyara64.lib(mem_sec.obj) : warning LNK4099: 未找到 PDB“”(使用“libyara64.lib(mem_sec.obj)”或在“”中寻找)；正在链接对象，如同没有调试信息一样
libyara64.lib(drbg_lib.obj) : warning LNK4099: 未找到 PDB“”(使用“libyara64.lib(drbg_lib.obj)”或在“”中寻找)；正在链接对象，如同没有调试信息一样
libyara64.lib(c_allc.obj) : warning LNK4099: 未找到 PDB“”(使用“libyara64.lib(c_allc.obj)”或在“”中寻找)；正在链接对象，如同没有调试信息一样
libyara64.lib(c_alld.obj) : warning LNK4099: 未找到 PDB“”(使用“libyara64.lib(c_alld.obj)”或在“”中寻找)；正在链接对象，如同没有调试信息一样
libyara64.lib(conf_sap.obj) : warning LNK4099: 未找到 PDB“”(使用“libyara64.lib(conf_sap.obj)”或在“”中寻找)；正在链接对象，如同没有调试信息一样
libyara64.lib(conf_mod.obj) : warning LNK4099: 未找到 PDB“”(使用“libyara64.lib(conf_mod.obj)”或在“”中寻找)；正在链接对象，如同没有调试信息一样
libyara64.lib(async.obj) : warning LNK4099: 未找到 PDB“”(使用“libyara64.lib(async.obj)”或在“”中寻找)；正在链接对象，如同没有调试信息一样
libyara64.lib(eng_fat.obj) : warning LNK4099: 未找到 PDB“”(使用“libyara64.lib(eng_fat.obj)”或在“”中寻找)；正在链接对象，如同没有调试信息一样
libyara64.lib(eng_openssl.obj) : warning LNK4099: 未找到 PDB“”(使用“libyara64.lib(eng_openssl.obj)”或在“”中寻找)；正在链接对象，如同没有调试信息一样
libyara64.lib(eng_rdrand.obj) : warning LNK4099: 未找到 PDB“”(使用“libyara64.lib(eng_rdrand.obj)”或在“”中寻找)；正在链接对象，如同没有调试信息一样
libyara64.lib(eng_dyn.obj) : warning LNK4099: 未找到 PDB“”(使用“libyara64.lib(eng_dyn.obj)”或在“”中寻找)；正在链接对象，如同没有调试信息一样
libyara64.lib(e_padlock.obj) : warning LNK4099: 未找到 PDB“”(使用“libyara64.lib(e_padlock.obj)”或在“”中寻找)；正在链接对象，如同没有调试信息一样
libyara64.lib(e_capi.obj) : warning LNK4099: 未找到 PDB“”(使用“libyara64.lib(e_capi.obj)”或在“”中寻找)；正在链接对象，如同没有调试信息一样
libyara64.lib(c_zlib.obj) : warning LNK4099: 未找到 PDB“”(使用“libyara64.lib(c_zlib.obj)”或在“”中寻找)；正在链接对象，如同没有调试信息一样
libyara64.lib(err_all.obj) : warning LNK4099: 未找到 PDB“”(使用“libyara64.lib(err_all.obj)”或在“”中寻找)；正在链接对象，如同没有调试信息一样
libyara64.lib(store_init.obj) : warning LNK4099: 未找到 PDB“”(使用“libyara64.lib(store_init.obj)”或在“”中寻找)；正在链接对象，如同没有调试信息一样
libyara64.lib(asn_pack.obj) : warning LNK4099: 未找到 PDB“”(使用“libyara64.lib(asn_pack.obj)”或在“”中寻找)；正在链接对象，如同没有调试信息一样
libyara64.lib(b_dump.obj) : warning LNK4099: 未找到 PDB“”(使用“libyara64.lib(b_dump.obj)”或在“”中寻找)；正在链接对象，如同没有调试信息一样
libyara64.lib(x_int64.obj) : warning LNK4099: 未找到 PDB“”(使用“libyara64.lib(x_int64.obj)”或在“”中寻找)；正在链接对象，如同没有调试信息一样
libyara64.lib(tb_cipher.obj) : warning LNK4099: 未找到 PDB“”(使用“libyara64.lib(tb_cipher.obj)”或在“”中寻找)；正在链接对象，如同没有调试信息一样
libyara64.lib(cmac.obj) : warning LNK4099: 未找到 PDB“”(使用“libyara64.lib(cmac.obj)”或在“”中寻找)；正在链接对象，如同没有调试信息一样
libyara64.lib(dh_lib.obj) : warning LNK4099: 未找到 PDB“”(使用“libyara64.lib(dh_lib.obj)”或在“”中寻找)；正在链接对象，如同没有调试信息一样
libyara64.lib(dh_gen.obj) : warning LNK4099: 未找到 PDB“”(使用“libyara64.lib(dh_gen.obj)”或在“”中寻找)；正在链接对象，如同没有调试信息一样
libyara64.lib(dh_key.obj) : warning LNK4099: 未找到 PDB“”(使用“libyara64.lib(dh_key.obj)”或在“”中寻找)；正在链接对象，如同没有调试信息一样
libyara64.lib(dh_rfc5114.obj) : warning LNK4099: 未找到 PDB“”(使用“libyara64.lib(dh_rfc5114.obj)”或在“”中寻找)；正在链接对象，如同没有调试信息一样
libyara64.lib(dh_rfc7919.obj) : warning LNK4099: 未找到 PDB“”(使用“libyara64.lib(dh_rfc7919.obj)”或在“”中寻找)；正在链接对象，如同没有调试信息一样
libyara64.lib(dh_kdf.obj) : warning LNK4099: 未找到 PDB“”(使用“libyara64.lib(dh_kdf.obj)”或在“”中寻找)；正在链接对象，如同没有调试信息一样
libyara64.lib(dsa_lib.obj) : warning LNK4099: 未找到 PDB“”(使用“libyara64.lib(dsa_lib.obj)”或在“”中寻找)；正在链接对象，如同没有调试信息一样
libyara64.lib(pmeth_gn.obj) : warning LNK4099: 未找到 PDB“”(使用“libyara64.lib(pmeth_gn.obj)”或在“”中寻找)；正在链接对象，如同没有调试信息一样
libyara64.lib(dsa_gen.obj) : warning LNK4099: 未找到 PDB“”(使用“libyara64.lib(dsa_gen.obj)”或在“”中寻找)；正在链接对象，如同没有调试信息一样
libyara64.lib(dsa_asn1.obj) : warning LNK4099: 未找到 PDB“”(使用“libyara64.lib(dsa_asn1.obj)”或在“”中寻找)；正在链接对象，如同没有调试信息一样
libyara64.lib(dsa_key.obj) : warning LNK4099: 未找到 PDB“”(使用“libyara64.lib(dsa_key.obj)”或在“”中寻找)；正在链接对象，如同没有调试信息一样
libyara64.lib(ec_lib.obj) : warning LNK4099: 未找到 PDB“”(使用“libyara64.lib(ec_lib.obj)”或在“”中寻找)；正在链接对象，如同没有调试信息一样
libyara64.lib(ec_curve.obj) : warning LNK4099: 未找到 PDB“”(使用“libyara64.lib(ec_curve.obj)”或在“”中寻找)；正在链接对象，如同没有调试信息一样
libyara64.lib(ec_key.obj) : warning LNK4099: 未找到 PDB“”(使用“libyara64.lib(ec_key.obj)”或在“”中寻找)；正在链接对象，如同没有调试信息一样
libyara64.lib(ec_kmeth.obj) : warning LNK4099: 未找到 PDB“”(使用“libyara64.lib(ec_kmeth.obj)”或在“”中寻找)；正在链接对象，如同没有调试信息一样
libyara64.lib(ecdsa_sign.obj) : warning LNK4099: 未找到 PDB“”(使用“libyara64.lib(ecdsa_sign.obj)”或在“”中寻找)；正在链接对象，如同没有调试信息一样
libyara64.lib(ecdsa_vrf.obj) : warning LNK4099: 未找到 PDB“”(使用“libyara64.lib(ecdsa_vrf.obj)”或在“”中寻找)；正在链接对象，如同没有调试信息一样
libyara64.lib(ec_asn1.obj) : warning LNK4099: 未找到 PDB“”(使用“libyara64.lib(ec_asn1.obj)”或在“”中寻找)；正在链接对象，如同没有调试信息一样
libyara64.lib(ecdh_kdf.obj) : warning LNK4099: 未找到 PDB“”(使用“libyara64.lib(ecdh_kdf.obj)”或在“”中寻找)；正在链接对象，如同没有调试信息一样
libyara64.lib(m_sm3.obj) : warning LNK4099: 未找到 PDB“”(使用“libyara64.lib(m_sm3.obj)”或在“”中寻找)；正在链接对象，如同没有调试信息一样
libyara64.lib(sm2_sign.obj) : warning LNK4099: 未找到 PDB“”(使用“libyara64.lib(sm2_sign.obj)”或在“”中寻找)；正在链接对象，如同没有调试信息一样
libyara64.lib(sm2_crypt.obj) : warning LNK4099: 未找到 PDB“”(使用“libyara64.lib(sm2_crypt.obj)”或在“”中寻找)；正在链接对象，如同没有调试信息一样
libyara64.lib(t_pkey.obj) : warning LNK4099: 未找到 PDB“”(使用“libyara64.lib(t_pkey.obj)”或在“”中寻找)；正在链接对象，如同没有调试信息一样
libyara64.lib(m_null.obj) : warning LNK4099: 未找到 PDB“”(使用“libyara64.lib(m_null.obj)”或在“”中寻找)；正在链接对象，如同没有调试信息一样
libyara64.lib(p8_pkey.obj) : warning LNK4099: 未找到 PDB“”(使用“libyara64.lib(p8_pkey.obj)”或在“”中寻找)；正在链接对象，如同没有调试信息一样
libyara64.lib(curve25519.obj) : warning LNK4099: 未找到 PDB“”(使用“libyara64.lib(curve25519.obj)”或在“”中寻找)；正在链接对象，如同没有调试信息一样
libyara64.lib(curve448.obj) : warning LNK4099: 未找到 PDB“”(使用“libyara64.lib(curve448.obj)”或在“”中寻找)；正在链接对象，如同没有调试信息一样
libyara64.lib(eddsa.obj) : warning LNK4099: 未找到 PDB“”(使用“libyara64.lib(eddsa.obj)”或在“”中寻找)；正在链接对象，如同没有调试信息一样
libyara64.lib(hmac.obj) : warning LNK4099: 未找到 PDB“”(使用“libyara64.lib(hmac.obj)”或在“”中寻找)；正在链接对象，如同没有调试信息一样
libyara64.lib(rsa_lib.obj) : warning LNK4099: 未找到 PDB“”(使用“libyara64.lib(rsa_lib.obj)”或在“”中寻找)；正在链接对象，如同没有调试信息一样
libyara64.lib(rsa_crpt.obj) : warning LNK4099: 未找到 PDB“”(使用“libyara64.lib(rsa_crpt.obj)”或在“”中寻找)；正在链接对象，如同没有调试信息一样
libyara64.lib(rsa_gen.obj) : warning LNK4099: 未找到 PDB“”(使用“libyara64.lib(rsa_gen.obj)”或在“”中寻找)；正在链接对象，如同没有调试信息一样
libyara64.lib(rsa_sign.obj) : warning LNK4099: 未找到 PDB“”(使用“libyara64.lib(rsa_sign.obj)”或在“”中寻找)；正在链接对象，如同没有调试信息一样
libyara64.lib(rsa_saos.obj) : warning LNK4099: 未找到 PDB“”(使用“libyara64.lib(rsa_saos.obj)”或在“”中寻找)；正在链接对象，如同没有调试信息一样
libyara64.lib(rsa_oaep.obj) : warning LNK4099: 未找到 PDB“”(使用“libyara64.lib(rsa_oaep.obj)”或在“”中寻找)；正在链接对象，如同没有调试信息一样
libyara64.lib(rsa_x931.obj) : warning LNK4099: 未找到 PDB“”(使用“libyara64.lib(rsa_x931.obj)”或在“”中寻找)；正在链接对象，如同没有调试信息一样
libyara64.lib(rsa_pss.obj) : warning LNK4099: 未找到 PDB“”(使用“libyara64.lib(rsa_pss.obj)”或在“”中寻找)；正在链接对象，如同没有调试信息一样
libyara64.lib(rsa_ameth.obj) : warning LNK4099: 未找到 PDB“”(使用“libyara64.lib(rsa_ameth.obj)”或在“”中寻找)；正在链接对象，如同没有调试信息一样
libyara64.lib(pbe_scrypt.obj) : warning LNK4099: 未找到 PDB“”(使用“libyara64.lib(pbe_scrypt.obj)”或在“”中寻找)；正在链接对象，如同没有调试信息一样
libyara64.lib(poly1305.obj) : warning LNK4099: 未找到 PDB“”(使用“libyara64.lib(poly1305.obj)”或在“”中寻找)；正在链接对象，如同没有调试信息一样
libyara64.lib(siphash.obj) : warning LNK4099: 未找到 PDB“”(使用“libyara64.lib(siphash.obj)”或在“”中寻找)；正在链接对象，如同没有调试信息一样
libyara64.lib(ameth_lib.obj) : warning LNK4099: 未找到 PDB“”(使用“libyara64.lib(ameth_lib.obj)”或在“”中寻找)；正在链接对象，如同没有调试信息一样
libyara64.lib(getenv.obj) : warning LNK4099: 未找到 PDB“”(使用“libyara64.lib(getenv.obj)”或在“”中寻找)；正在链接对象，如同没有调试信息一样
libyara64.lib(eng_ctrl.obj) : warning LNK4099: 未找到 PDB“”(使用“libyara64.lib(eng_ctrl.obj)”或在“”中寻找)；正在链接对象，如同没有调试信息一样
libyara64.lib(tb_asnmth.obj) : warning LNK4099: 未找到 PDB“”(使用“libyara64.lib(tb_asnmth.obj)”或在“”中寻找)；正在链接对象，如同没有调试信息一样
libyara64.lib(bss_sock.obj) : warning LNK4099: 未找到 PDB“”(使用“libyara64.lib(bss_sock.obj)”或在“”中寻找)；正在链接对象，如同没有调试信息一样
libyara64.lib(b_sock2.obj) : warning LNK4099: 未找到 PDB“”(使用“libyara64.lib(b_sock2.obj)”或在“”中寻找)；正在链接对象，如同没有调试信息一样
libyara64.lib(bn_mont.obj) : warning LNK4099: 未找到 PDB“”(使用“libyara64.lib(bn_mont.obj)”或在“”中寻找)；正在链接对象，如同没有调试信息一样
libyara64.lib(o_fopen.obj) : warning LNK4099: 未找到 PDB“”(使用“libyara64.lib(o_fopen.obj)”或在“”中寻找)；正在链接对象，如同没有调试信息一样
libyara64.lib(a_print.obj) : warning LNK4099: 未找到 PDB“”(使用“libyara64.lib(a_print.obj)”或在“”中寻找)；正在链接对象，如同没有调试信息一样
libyara64.lib(bn_asm.obj) : warning LNK4099: 未找到 PDB“”(使用“libyara64.lib(bn_asm.obj)”或在“”中寻找)；正在链接对象，如同没有调试信息一样
libyara64.lib(mem_dbg.obj) : warning LNK4099: 未找到 PDB“”(使用“libyara64.lib(mem_dbg.obj)”或在“”中寻找)；正在链接对象，如同没有调试信息一样
libyara64.lib(p5_crpt.obj) : warning LNK4099: 未找到 PDB“”(使用“libyara64.lib(p5_crpt.obj)”或在“”中寻找)；正在链接对象，如同没有调试信息一样
libyara64.lib(p5_crpt2.obj) : warning LNK4099: 未找到 PDB“”(使用“libyara64.lib(p5_crpt2.obj)”或在“”中寻找)；正在链接对象，如同没有调试信息一样
libyara64.lib(p5_scrypt.obj) : warning LNK4099: 未找到 PDB“”(使用“libyara64.lib(p5_scrypt.obj)”或在“”中寻找)；正在链接对象，如同没有调试信息一样
libyara64.lib(p12_crpt.obj) : warning LNK4099: 未找到 PDB“”(使用“libyara64.lib(p12_crpt.obj)”或在“”中寻找)；正在链接对象，如同没有调试信息一样
libyara64.lib(x_val.obj) : warning LNK4099: 未找到 PDB“”(使用“libyara64.lib(x_val.obj)”或在“”中寻找)；正在链接对象，如同没有调试信息一样
libyara64.lib(x_exten.obj) : warning LNK4099: 未找到 PDB“”(使用“libyara64.lib(x_exten.obj)”或在“”中寻找)；正在链接对象，如同没有调试信息一样
libyara64.lib(x_x509a.obj) : warning LNK4099: 未找到 PDB“”(使用“libyara64.lib(x_x509a.obj)”或在“”中寻找)；正在链接对象，如同没有调试信息一样
libyara64.lib(v3_akeya.obj) : warning LNK4099: 未找到 PDB“”(使用“libyara64.lib(v3_akeya.obj)”或在“”中寻找)；正在链接对象，如同没有调试信息一样
libyara64.lib(v3_genn.obj) : warning LNK4099: 未找到 PDB“”(使用“libyara64.lib(v3_genn.obj)”或在“”中寻找)；正在链接对象，如同没有调试信息一样
libyara64.lib(v3_crld.obj) : warning LNK4099: 未找到 PDB“”(使用“libyara64.lib(v3_crld.obj)”或在“”中寻找)；正在链接对象，如同没有调试信息一样
libyara64.lib(v3_ncons.obj) : warning LNK4099: 未找到 PDB“”(使用“libyara64.lib(v3_ncons.obj)”或在“”中寻找)；正在链接对象，如同没有调试信息一样
libyara64.lib(v3_asid.obj) : warning LNK4099: 未找到 PDB“”(使用“libyara64.lib(v3_asid.obj)”或在“”中寻找)；正在链接对象，如同没有调试信息一样
libyara64.lib(v3_addr.obj) : warning LNK4099: 未找到 PDB“”(使用“libyara64.lib(v3_addr.obj)”或在“”中寻找)；正在链接对象，如同没有调试信息一样
libyara64.lib(pcy_cache.obj) : warning LNK4099: 未找到 PDB“”(使用“libyara64.lib(pcy_cache.obj)”或在“”中寻找)；正在链接对象，如同没有调试信息一样
libyara64.lib(a_verify.obj) : warning LNK4099: 未找到 PDB“”(使用“libyara64.lib(a_verify.obj)”或在“”中寻找)；正在链接对象，如同没有调试信息一样
libyara64.lib(x509_ext.obj) : warning LNK4099: 未找到 PDB“”(使用“libyara64.lib(x509_ext.obj)”或在“”中寻找)；正在链接对象，如同没有调试信息一样
libyara64.lib(x509_v3.obj) : warning LNK4099: 未找到 PDB“”(使用“libyara64.lib(x509_v3.obj)”或在“”中寻找)；正在链接对象，如同没有调试信息一样
libyara64.lib(tasn_utl.obj) : warning LNK4099: 未找到 PDB“”(使用“libyara64.lib(tasn_utl.obj)”或在“”中寻找)；正在链接对象，如同没有调试信息一样
libyara64.lib(a_bitstr.obj) : warning LNK4099: 未找到 PDB“”(使用“libyara64.lib(a_bitstr.obj)”或在“”中寻找)；正在链接对象，如同没有调试信息一样
libyara64.lib(a_utctm.obj) : warning LNK4099: 未找到 PDB“”(使用“libyara64.lib(a_utctm.obj)”或在“”中寻找)；正在链接对象，如同没有调试信息一样
libyara64.lib(a_gentm.obj) : warning LNK4099: 未找到 PDB“”(使用“libyara64.lib(a_gentm.obj)”或在“”中寻找)；正在链接对象，如同没有调试信息一样
libyara64.lib(v3_utl.obj) : warning LNK4099: 未找到 PDB“”(使用“libyara64.lib(v3_utl.obj)”或在“”中寻找)；正在链接对象，如同没有调试信息一样
libyara64.lib(rand_win.obj) : warning LNK4099: 未找到 PDB“”(使用“libyara64.lib(rand_win.obj)”或在“”中寻找)；正在链接对象，如同没有调试信息一样
libyara64.lib(tb_rand.obj) : warning LNK4099: 未找到 PDB“”(使用“libyara64.lib(tb_rand.obj)”或在“”中寻找)；正在链接对象，如同没有调试信息一样
libyara64.lib(x509_vpm.obj) : warning LNK4099: 未找到 PDB“”(使用“libyara64.lib(x509_vpm.obj)”或在“”中寻找)；正在链接对象，如同没有调试信息一样
libyara64.lib(pcy_tree.obj) : warning LNK4099: 未找到 PDB“”(使用“libyara64.lib(pcy_tree.obj)”或在“”中寻找)；正在链接对象，如同没有调试信息一样
libyara64.lib(x509_trs.obj) : warning LNK4099: 未找到 PDB“”(使用“libyara64.lib(x509_trs.obj)”或在“”中寻找)；正在链接对象，如同没有调试信息一样
libyara64.lib(v3_purp.obj) : warning LNK4099: 未找到 PDB“”(使用“libyara64.lib(v3_purp.obj)”或在“”中寻找)；正在链接对象，如同没有调试信息一样
libyara64.lib(a_d2i_fp.obj) : warning LNK4099: 未找到 PDB“”(使用“libyara64.lib(a_d2i_fp.obj)”或在“”中寻找)；正在链接对象，如同没有调试信息一样
libyara64.lib(a_i2d_fp.obj) : warning LNK4099: 未找到 PDB“”(使用“libyara64.lib(a_i2d_fp.obj)”或在“”中寻找)；正在链接对象，如同没有调试信息一样
libyara64.lib(bio_ndef.obj) : warning LNK4099: 未找到 PDB“”(使用“libyara64.lib(bio_ndef.obj)”或在“”中寻找)；正在链接对象，如同没有调试信息一样
libyara64.lib(bio_b64.obj) : warning LNK4099: 未找到 PDB“”(使用“libyara64.lib(bio_b64.obj)”或在“”中寻找)；正在链接对象，如同没有调试信息一样
libyara64.lib(d2i_pr.obj) : warning LNK4099: 未找到 PDB“”(使用“libyara64.lib(d2i_pr.obj)”或在“”中寻找)；正在链接对象，如同没有调试信息一样
libyara64.lib(i2d_pr.obj) : warning LNK4099: 未找到 PDB“”(使用“libyara64.lib(i2d_pr.obj)”或在“”中寻找)；正在链接对象，如同没有调试信息一样
libyara64.lib(rsa_asn1.obj) : warning LNK4099: 未找到 PDB“”(使用“libyara64.lib(rsa_asn1.obj)”或在“”中寻找)；正在链接对象，如同没有调试信息一样
libyara64.lib(x_sig.obj) : warning LNK4099: 未找到 PDB“”(使用“libyara64.lib(x_sig.obj)”或在“”中寻找)；正在链接对象，如同没有调试信息一样
libyara64.lib(x_req.obj) : warning LNK4099: 未找到 PDB“”(使用“libyara64.lib(x_req.obj)”或在“”中寻找)；正在链接对象，如同没有调试信息一样
libyara64.lib(x_spki.obj) : warning LNK4099: 未找到 PDB“”(使用“libyara64.lib(x_spki.obj)”或在“”中寻找)；正在链接对象，如同没有调试信息一样
libyara64.lib(a_digest.obj) : warning LNK4099: 未找到 PDB“”(使用“libyara64.lib(a_digest.obj)”或在“”中寻找)；正在链接对象，如同没有调试信息一样
libyara64.lib(a_sign.obj) : warning LNK4099: 未找到 PDB“”(使用“libyara64.lib(a_sign.obj)”或在“”中寻找)；正在链接对象，如同没有调试信息一样
libyara64.lib(evp_pkey.obj) : warning LNK4099: 未找到 PDB“”(使用“libyara64.lib(evp_pkey.obj)”或在“”中寻找)；正在链接对象，如同没有调试信息一样
libyara64.lib(ocsp_ht.obj) : warning LNK4099: 未找到 PDB“”(使用“libyara64.lib(ocsp_ht.obj)”或在“”中寻找)；正在链接对象，如同没有调试信息一样
libyara64.lib(o_time.obj) : warning LNK4099: 未找到 PDB“”(使用“libyara64.lib(o_time.obj)”或在“”中寻找)；正在链接对象，如同没有调试信息一样
libyara64.lib(cms_asn1.obj) : warning LNK4099: 未找到 PDB“”(使用“libyara64.lib(cms_asn1.obj)”或在“”中寻找)；正在链接对象，如同没有调试信息一样
libyara64.lib(cms_dd.obj) : warning LNK4099: 未找到 PDB“”(使用“libyara64.lib(cms_dd.obj)”或在“”中寻找)；正在链接对象，如同没有调试信息一样
libyara64.lib(cms_enc.obj) : warning LNK4099: 未找到 PDB“”(使用“libyara64.lib(cms_enc.obj)”或在“”中寻找)；正在链接对象，如同没有调试信息一样
libyara64.lib(cms_env.obj) : warning LNK4099: 未找到 PDB“”(使用“libyara64.lib(cms_env.obj)”或在“”中寻找)；正在链接对象，如同没有调试信息一样
libyara64.lib(cms_att.obj) : warning LNK4099: 未找到 PDB“”(使用“libyara64.lib(cms_att.obj)”或在“”中寻找)；正在链接对象，如同没有调试信息一样
libyara64.lib(v3_cpols.obj) : warning LNK4099: 未找到 PDB“”(使用“libyara64.lib(v3_cpols.obj)”或在“”中寻找)；正在链接对象，如同没有调试信息一样
libyara64.lib(v3_lib.obj) : warning LNK4099: 未找到 PDB“”(使用“libyara64.lib(v3_lib.obj)”或在“”中寻找)；正在链接对象，如同没有调试信息一样
libyara64.lib(drbg_ctr.obj) : warning LNK4099: 未找到 PDB“”(使用“libyara64.lib(drbg_ctr.obj)”或在“”中寻找)；正在链接对象，如同没有调试信息一样
libyara64.lib(e_des.obj) : warning LNK4099: 未找到 PDB“”(使用“libyara64.lib(e_des.obj)”或在“”中寻找)；正在链接对象，如同没有调试信息一样
libyara64.lib(e_des3.obj) : warning LNK4099: 未找到 PDB“”(使用“libyara64.lib(e_des3.obj)”或在“”中寻找)；正在链接对象，如同没有调试信息一样
libyara64.lib(e_xcbc_d.obj) : warning LNK4099: 未找到 PDB“”(使用“libyara64.lib(e_xcbc_d.obj)”或在“”中寻找)；正在链接对象，如同没有调试信息一样
libyara64.lib(e_rc4.obj) : warning LNK4099: 未找到 PDB“”(使用“libyara64.lib(e_rc4.obj)”或在“”中寻找)；正在链接对象，如同没有调试信息一样
libyara64.lib(e_rc4_hmac_md5.obj) : warning LNK4099: 未找到 PDB“”(使用“libyara64.lib(e_rc4_hmac_md5.obj)”或在“”中寻找)；正在链接对象，如同没有调试信息一样
libyara64.lib(e_idea.obj) : warning LNK4099: 未找到 PDB“”(使用“libyara64.lib(e_idea.obj)”或在“”中寻找)；正在链接对象，如同没有调试信息一样
libyara64.lib(e_rc2.obj) : warning LNK4099: 未找到 PDB“”(使用“libyara64.lib(e_rc2.obj)”或在“”中寻找)；正在链接对象，如同没有调试信息一样
libyara64.lib(e_bf.obj) : warning LNK4099: 未找到 PDB“”(使用“libyara64.lib(e_bf.obj)”或在“”中寻找)；正在链接对象，如同没有调试信息一样
libyara64.lib(e_cast.obj) : warning LNK4099: 未找到 PDB“”(使用“libyara64.lib(e_cast.obj)”或在“”中寻找)；正在链接对象，如同没有调试信息一样
libyara64.lib(e_aes.obj) : warning LNK4099: 未找到 PDB“”(使用“libyara64.lib(e_aes.obj)”或在“”中寻找)；正在链接对象，如同没有调试信息一样
libyara64.lib(e_aes_cbc_hmac_sha1.obj) : warning LNK4099: 未找到 PDB“”(使用“libyara64.lib(e_aes_cbc_hmac_sha1.obj)”或在“”中寻找)；正在链接对象，如同没有调试信息一样
libyara64.lib(e_aes_cbc_hmac_sha256.obj) : warning LNK4099: 未找到 PDB“”(使用“libyara64.lib(e_aes_cbc_hmac_sha256.obj)”或在“”中寻找)；正在链接对象，如同没有调试信息一样
libyara64.lib(e_aria.obj) : warning LNK4099: 未找到 PDB“”(使用“libyara64.lib(e_aria.obj)”或在“”中寻找)；正在链接对象，如同没有调试信息一样
libyara64.lib(e_camellia.obj) : warning LNK4099: 未找到 PDB“”(使用“libyara64.lib(e_camellia.obj)”或在“”中寻找)；正在链接对象，如同没有调试信息一样
libyara64.lib(e_chacha20_poly1305.obj) : warning LNK4099: 未找到 PDB“”(使用“libyara64.lib(e_chacha20_poly1305.obj)”或在“”中寻找)；正在链接对象，如同没有调试信息一样
libyara64.lib(e_seed.obj) : warning LNK4099: 未找到 PDB“”(使用“libyara64.lib(e_seed.obj)”或在“”中寻找)；正在链接对象，如同没有调试信息一样
libyara64.lib(e_sm4.obj) : warning LNK4099: 未找到 PDB“”(使用“libyara64.lib(e_sm4.obj)”或在“”中寻找)；正在链接对象，如同没有调试信息一样
libyara64.lib(m_md4.obj) : warning LNK4099: 未找到 PDB“”(使用“libyara64.lib(m_md4.obj)”或在“”中寻找)；正在链接对象，如同没有调试信息一样
libyara64.lib(m_md5_sha1.obj) : warning LNK4099: 未找到 PDB“”(使用“libyara64.lib(m_md5_sha1.obj)”或在“”中寻找)；正在链接对象，如同没有调试信息一样
libyara64.lib(m_blake2b.obj) : warning LNK4099: 未找到 PDB“”(使用“libyara64.lib(m_blake2b.obj)”或在“”中寻找)；正在链接对象，如同没有调试信息一样
libyara64.lib(m_blake2s.obj) : warning LNK4099: 未找到 PDB“”(使用“libyara64.lib(m_blake2s.obj)”或在“”中寻找)；正在链接对象，如同没有调试信息一样
libyara64.lib(m_sha3.obj) : warning LNK4099: 未找到 PDB“”(使用“libyara64.lib(m_sha3.obj)”或在“”中寻找)；正在链接对象，如同没有调试信息一样
libyara64.lib(m_mdc2.obj) : warning LNK4099: 未找到 PDB“”(使用“libyara64.lib(m_mdc2.obj)”或在“”中寻找)；正在链接对象，如同没有调试信息一样
libyara64.lib(m_ripemd.obj) : warning LNK4099: 未找到 PDB“”(使用“libyara64.lib(m_ripemd.obj)”或在“”中寻找)；正在链接对象，如同没有调试信息一样
libyara64.lib(m_wp.obj) : warning LNK4099: 未找到 PDB“”(使用“libyara64.lib(m_wp.obj)”或在“”中寻找)；正在链接对象，如同没有调试信息一样
libyara64.lib(conf_mall.obj) : warning LNK4099: 未找到 PDB“”(使用“libyara64.lib(conf_mall.obj)”或在“”中寻找)；正在链接对象，如同没有调试信息一样
libyara64.lib(eng_all.obj) : warning LNK4099: 未找到 PDB“”(使用“libyara64.lib(eng_all.obj)”或在“”中寻找)；正在链接对象，如同没有调试信息一样
libyara64.lib(conf_lib.obj) : warning LNK4099: 未找到 PDB“”(使用“libyara64.lib(conf_lib.obj)”或在“”中寻找)；正在链接对象，如同没有调试信息一样
libyara64.lib(dso_lib.obj) : warning LNK4099: 未找到 PDB“”(使用“libyara64.lib(dso_lib.obj)”或在“”中寻找)；正在链接对象，如同没有调试信息一样
libyara64.lib(x509_def.obj) : warning LNK4099: 未找到 PDB“”(使用“libyara64.lib(x509_def.obj)”或在“”中寻找)；正在链接对象，如同没有调试信息一样
libyara64.lib(async_win.obj) : warning LNK4099: 未找到 PDB“”(使用“libyara64.lib(async_win.obj)”或在“”中寻找)；正在链接对象，如同没有调试信息一样
libyara64.lib(async_wait.obj) : warning LNK4099: 未找到 PDB“”(使用“libyara64.lib(async_wait.obj)”或在“”中寻找)；正在链接对象，如同没有调试信息一样
libyara64.lib(tb_rsa.obj) : warning LNK4099: 未找到 PDB“”(使用“libyara64.lib(tb_rsa.obj)”或在“”中寻找)；正在链接对象，如同没有调试信息一样
libyara64.lib(tb_dsa.obj) : warning LNK4099: 未找到 PDB“”(使用“libyara64.lib(tb_dsa.obj)”或在“”中寻找)；正在链接对象，如同没有调试信息一样
libyara64.lib(tb_eckey.obj) : warning LNK4099: 未找到 PDB“”(使用“libyara64.lib(tb_eckey.obj)”或在“”中寻找)；正在链接对象，如同没有调试信息一样
libyara64.lib(tb_dh.obj) : warning LNK4099: 未找到 PDB“”(使用“libyara64.lib(tb_dh.obj)”或在“”中寻找)；正在链接对象，如同没有调试信息一样
libyara64.lib(rsa_ossl.obj) : warning LNK4099: 未找到 PDB“”(使用“libyara64.lib(rsa_ossl.obj)”或在“”中寻找)；正在链接对象，如同没有调试信息一样
libyara64.lib(dsa_ossl.obj) : warning LNK4099: 未找到 PDB“”(使用“libyara64.lib(dsa_ossl.obj)”或在“”中寻找)；正在链接对象，如同没有调试信息一样
libyara64.lib(cmeth_lib.obj) : warning LNK4099: 未找到 PDB“”(使用“libyara64.lib(cmeth_lib.obj)”或在“”中寻找)；正在链接对象，如同没有调试信息一样
libyara64.lib(pem_pkey.obj) : warning LNK4099: 未找到 PDB“”(使用“libyara64.lib(pem_pkey.obj)”或在“”中寻找)；正在链接对象，如同没有调试信息一样
libyara64.lib(eng_pkey.obj) : warning LNK4099: 未找到 PDB“”(使用“libyara64.lib(eng_pkey.obj)”或在“”中寻找)；正在链接对象，如同没有调试信息一样
libyara64.lib(rsa_meth.obj) : warning LNK4099: 未找到 PDB“”(使用“libyara64.lib(rsa_meth.obj)”或在“”中寻找)；正在链接对象，如同没有调试信息一样
libyara64.lib(dsa_meth.obj) : warning LNK4099: 未找到 PDB“”(使用“libyara64.lib(dsa_meth.obj)”或在“”中寻找)；正在链接对象，如同没有调试信息一样
libyara64.lib(t_x509.obj) : warning LNK4099: 未找到 PDB“”(使用“libyara64.lib(t_x509.obj)”或在“”中寻找)；正在链接对象，如同没有调试信息一样
libyara64.lib(pem_x509.obj) : warning LNK4099: 未找到 PDB“”(使用“libyara64.lib(pem_x509.obj)”或在“”中寻找)；正在链接对象，如同没有调试信息一样
libyara64.lib(asn1_err.obj) : warning LNK4099: 未找到 PDB“”(使用“libyara64.lib(asn1_err.obj)”或在“”中寻找)；正在链接对象，如同没有调试信息一样
libyara64.lib(bn_err.obj) : warning LNK4099: 未找到 PDB“”(使用“libyara64.lib(bn_err.obj)”或在“”中寻找)；正在链接对象，如同没有调试信息一样
libyara64.lib(ec_err.obj) : warning LNK4099: 未找到 PDB“”(使用“libyara64.lib(ec_err.obj)”或在“”中寻找)；正在链接对象，如同没有调试信息一样
libyara64.lib(buf_err.obj) : warning LNK4099: 未找到 PDB“”(使用“libyara64.lib(buf_err.obj)”或在“”中寻找)；正在链接对象，如同没有调试信息一样
libyara64.lib(bio_err.obj) : warning LNK4099: 未找到 PDB“”(使用“libyara64.lib(bio_err.obj)”或在“”中寻找)；正在链接对象，如同没有调试信息一样
libyara64.lib(comp_err.obj) : warning LNK4099: 未找到 PDB“”(使用“libyara64.lib(comp_err.obj)”或在“”中寻找)；正在链接对象，如同没有调试信息一样
libyara64.lib(rsa_err.obj) : warning LNK4099: 未找到 PDB“”(使用“libyara64.lib(rsa_err.obj)”或在“”中寻找)；正在链接对象，如同没有调试信息一样
libyara64.lib(dh_err.obj) : warning LNK4099: 未找到 PDB“”(使用“libyara64.lib(dh_err.obj)”或在“”中寻找)；正在链接对象，如同没有调试信息一样
libyara64.lib(dsa_err.obj) : warning LNK4099: 未找到 PDB“”(使用“libyara64.lib(dsa_err.obj)”或在“”中寻找)；正在链接对象，如同没有调试信息一样
libyara64.lib(evp_err.obj) : warning LNK4099: 未找到 PDB“”(使用“libyara64.lib(evp_err.obj)”或在“”中寻找)；正在链接对象，如同没有调试信息一样
libyara64.lib(obj_err.obj) : warning LNK4099: 未找到 PDB“”(使用“libyara64.lib(obj_err.obj)”或在“”中寻找)；正在链接对象，如同没有调试信息一样
libyara64.lib(pem_err.obj) : warning LNK4099: 未找到 PDB“”(使用“libyara64.lib(pem_err.obj)”或在“”中寻找)；正在链接对象，如同没有调试信息一样
libyara64.lib(pkcs7err.obj) : warning LNK4099: 未找到 PDB“”(使用“libyara64.lib(pkcs7err.obj)”或在“”中寻找)；正在链接对象，如同没有调试信息一样
libyara64.lib(x509_err.obj) : warning LNK4099: 未找到 PDB“”(使用“libyara64.lib(x509_err.obj)”或在“”中寻找)；正在链接对象，如同没有调试信息一样
libyara64.lib(v3err.obj) : warning LNK4099: 未找到 PDB“”(使用“libyara64.lib(v3err.obj)”或在“”中寻找)；正在链接对象，如同没有调试信息一样
libyara64.lib(conf_err.obj) : warning LNK4099: 未找到 PDB“”(使用“libyara64.lib(conf_err.obj)”或在“”中寻找)；正在链接对象，如同没有调试信息一样
libyara64.lib(pk12err.obj) : warning LNK4099: 未找到 PDB“”(使用“libyara64.lib(pk12err.obj)”或在“”中寻找)；正在链接对象，如同没有调试信息一样
libyara64.lib(rand_err.obj) : warning LNK4099: 未找到 PDB“”(使用“libyara64.lib(rand_err.obj)”或在“”中寻找)；正在链接对象，如同没有调试信息一样
libyara64.lib(cpt_err.obj) : warning LNK4099: 未找到 PDB“”(使用“libyara64.lib(cpt_err.obj)”或在“”中寻找)；正在链接对象，如同没有调试信息一样
libyara64.lib(dso_err.obj) : warning LNK4099: 未找到 PDB“”(使用“libyara64.lib(dso_err.obj)”或在“”中寻找)；正在链接对象，如同没有调试信息一样
libyara64.lib(eng_err.obj) : warning LNK4099: 未找到 PDB“”(使用“libyara64.lib(eng_err.obj)”或在“”中寻找)；正在链接对象，如同没有调试信息一样
libyara64.lib(ui_err.obj) : warning LNK4099: 未找到 PDB“”(使用“libyara64.lib(ui_err.obj)”或在“”中寻找)；正在链接对象，如同没有调试信息一样
libyara64.lib(ocsp_err.obj) : warning LNK4099: 未找到 PDB“”(使用“libyara64.lib(ocsp_err.obj)”或在“”中寻找)；正在链接对象，如同没有调试信息一样
libyara64.lib(ts_err.obj) : warning LNK4099: 未找到 PDB“”(使用“libyara64.lib(ts_err.obj)”或在“”中寻找)；正在链接对象，如同没有调试信息一样
libyara64.lib(cms_err.obj) : warning LNK4099: 未找到 PDB“”(使用“libyara64.lib(cms_err.obj)”或在“”中寻找)；正在链接对象，如同没有调试信息一样
libyara64.lib(ct_err.obj) : warning LNK4099: 未找到 PDB“”(使用“libyara64.lib(ct_err.obj)”或在“”中寻找)；正在链接对象，如同没有调试信息一样
libyara64.lib(async_err.obj) : warning LNK4099: 未找到 PDB“”(使用“libyara64.lib(async_err.obj)”或在“”中寻找)；正在链接对象，如同没有调试信息一样
libyara64.lib(kdf_err.obj) : warning LNK4099: 未找到 PDB“”(使用“libyara64.lib(kdf_err.obj)”或在“”中寻找)；正在链接对象，如同没有调试信息一样
libyara64.lib(store_err.obj) : warning LNK4099: 未找到 PDB“”(使用“libyara64.lib(store_err.obj)”或在“”中寻找)；正在链接对象，如同没有调试信息一样
libyara64.lib(store_register.obj) : warning LNK4099: 未找到 PDB“”(使用“libyara64.lib(store_register.obj)”或在“”中寻找)；正在链接对象，如同没有调试信息一样
libyara64.lib(loader_file.obj) : warning LNK4099: 未找到 PDB“”(使用“libyara64.lib(loader_file.obj)”或在“”中寻找)；正在链接对象，如同没有调试信息一样
libyara64.lib(bn_prime.obj) : warning LNK4099: 未找到 PDB“”(使用“libyara64.lib(bn_prime.obj)”或在“”中寻找)；正在链接对象，如同没有调试信息一样
libyara64.lib(bn_ctx.obj) : warning LNK4099: 未找到 PDB“”(使用“libyara64.lib(bn_ctx.obj)”或在“”中寻找)；正在链接对象，如同没有调试信息一样
libyara64.lib(bn_rand.obj) : warning LNK4099: 未找到 PDB“”(使用“libyara64.lib(bn_rand.obj)”或在“”中寻找)；正在链接对象，如同没有调试信息一样
libyara64.lib(bn_exp.obj) : warning LNK4099: 未找到 PDB“”(使用“libyara64.lib(bn_exp.obj)”或在“”中寻找)；正在链接对象，如同没有调试信息一样
libyara64.lib(dh_check.obj) : warning LNK4099: 未找到 PDB“”(使用“libyara64.lib(dh_check.obj)”或在“”中寻找)；正在链接对象，如同没有调试信息一样
libyara64.lib(bn_dh.obj) : warning LNK4099: 未找到 PDB“”(使用“libyara64.lib(bn_dh.obj)”或在“”中寻找)；正在链接对象，如同没有调试信息一样
libyara64.lib(bn_add.obj) : warning LNK4099: 未找到 PDB“”(使用“libyara64.lib(bn_add.obj)”或在“”中寻找)；正在链接对象，如同没有调试信息一样
libyara64.lib(bn_div.obj) : warning LNK4099: 未找到 PDB“”(使用“libyara64.lib(bn_div.obj)”或在“”中寻找)；正在链接对象，如同没有调试信息一样
libyara64.lib(x_bignum.obj) : warning LNK4099: 未找到 PDB“”(使用“libyara64.lib(x_bignum.obj)”或在“”中寻找)；正在链接对象，如同没有调试信息一样
libyara64.lib(dsa_sign.obj) : warning LNK4099: 未找到 PDB“”(使用“libyara64.lib(dsa_sign.obj)”或在“”中寻找)；正在链接对象，如同没有调试信息一样
libyara64.lib(dsa_vrf.obj) : warning LNK4099: 未找到 PDB“”(使用“libyara64.lib(dsa_vrf.obj)”或在“”中寻找)；正在链接对象，如同没有调试信息一样
libyara64.lib(ecp_nistz256.obj) : warning LNK4099: 未找到 PDB“”(使用“libyara64.lib(ecp_nistz256.obj)”或在“”中寻找)；正在链接对象，如同没有调试信息一样
libyara64.lib(ec_mult.obj) : warning LNK4099: 未找到 PDB“”(使用“libyara64.lib(ec_mult.obj)”或在“”中寻找)；正在链接对象，如同没有调试信息一样
libyara64.lib(ec_cvt.obj) : warning LNK4099: 未找到 PDB“”(使用“libyara64.lib(ec_cvt.obj)”或在“”中寻找)；正在链接对象，如同没有调试信息一样
libyara64.lib(ec_oct.obj) : warning LNK4099: 未找到 PDB“”(使用“libyara64.lib(ec_oct.obj)”或在“”中寻找)；正在链接对象，如同没有调试信息一样
libyara64.lib(ecdh_ossl.obj) : warning LNK4099: 未找到 PDB“”(使用“libyara64.lib(ecdh_ossl.obj)”或在“”中寻找)；正在链接对象，如同没有调试信息一样
libyara64.lib(ecdsa_ossl.obj) : warning LNK4099: 未找到 PDB“”(使用“libyara64.lib(ecdsa_ossl.obj)”或在“”中寻找)；正在链接对象，如同没有调试信息一样
libyara64.lib(sm3.obj) : warning LNK4099: 未找到 PDB“”(使用“libyara64.lib(sm3.obj)”或在“”中寻找)；正在链接对象，如同没有调试信息一样
libyara64.lib(bn_mod.obj) : warning LNK4099: 未找到 PDB“”(使用“libyara64.lib(bn_mod.obj)”或在“”中寻找)；正在链接对象，如同没有调试信息一样
libyara64.lib(bn_intern.obj) : warning LNK4099: 未找到 PDB“”(使用“libyara64.lib(bn_intern.obj)”或在“”中寻找)；正在链接对象，如同没有调试信息一样
libyara64.lib(f_generic.obj) : warning LNK4099: 未找到 PDB“”(使用“libyara64.lib(f_generic.obj)”或在“”中寻找)；正在链接对象，如同没有调试信息一样
libyara64.lib(f_impl.obj) : warning LNK4099: 未找到 PDB“”(使用“libyara64.lib(f_impl.obj)”或在“”中寻找)；正在链接对象，如同没有调试信息一样
libyara64.lib(scalar.obj) : warning LNK4099: 未找到 PDB“”(使用“libyara64.lib(scalar.obj)”或在“”中寻找)；正在链接对象，如同没有调试信息一样
libyara64.lib(curve448_tables.obj) : warning LNK4099: 未找到 PDB“”(使用“libyara64.lib(curve448_tables.obj)”或在“”中寻找)；正在链接对象，如同没有调试信息一样
libyara64.lib(bn_blind.obj) : warning LNK4099: 未找到 PDB“”(使用“libyara64.lib(bn_blind.obj)”或在“”中寻找)；正在链接对象，如同没有调试信息一样
libyara64.lib(rsa_mp.obj) : warning LNK4099: 未找到 PDB“”(使用“libyara64.lib(rsa_mp.obj)”或在“”中寻找)；正在链接对象，如同没有调试信息一样
libyara64.lib(bn_mul.obj) : warning LNK4099: 未找到 PDB“”(使用“libyara64.lib(bn_mul.obj)”或在“”中寻找)；正在链接对象，如同没有调试信息一样
libyara64.lib(bn_gcd.obj) : warning LNK4099: 未找到 PDB“”(使用“libyara64.lib(bn_gcd.obj)”或在“”中寻找)；正在链接对象，如同没有调试信息一样
libyara64.lib(f_int.obj) : warning LNK4099: 未找到 PDB“”(使用“libyara64.lib(f_int.obj)”或在“”中寻找)；正在链接对象，如同没有调试信息一样
libyara64.lib(rsa_chk.obj) : warning LNK4099: 未找到 PDB“”(使用“libyara64.lib(rsa_chk.obj)”或在“”中寻找)；正在链接对象，如同没有调试信息一样
libyara64.lib(cm_ameth.obj) : warning LNK4099: 未找到 PDB“”(使用“libyara64.lib(cm_ameth.obj)”或在“”中寻找)；正在链接对象，如同没有调试信息一样
libyara64.lib(dh_ameth.obj) : warning LNK4099: 未找到 PDB“”(使用“libyara64.lib(dh_ameth.obj)”或在“”中寻找)；正在链接对象，如同没有调试信息一样
libyara64.lib(dsa_ameth.obj) : warning LNK4099: 未找到 PDB“”(使用“libyara64.lib(dsa_ameth.obj)”或在“”中寻找)；正在链接对象，如同没有调试信息一样
libyara64.lib(ec_ameth.obj) : warning LNK4099: 未找到 PDB“”(使用“libyara64.lib(ec_ameth.obj)”或在“”中寻找)；正在链接对象，如同没有调试信息一样
libyara64.lib(poly1305_ameth.obj) : warning LNK4099: 未找到 PDB“”(使用“libyara64.lib(poly1305_ameth.obj)”或在“”中寻找)；正在链接对象，如同没有调试信息一样
libyara64.lib(hm_ameth.obj) : warning LNK4099: 未找到 PDB“”(使用“libyara64.lib(hm_ameth.obj)”或在“”中寻找)；正在链接对象，如同没有调试信息一样
libyara64.lib(siphash_ameth.obj) : warning LNK4099: 未找到 PDB“”(使用“libyara64.lib(siphash_ameth.obj)”或在“”中寻找)；正在链接对象，如同没有调试信息一样
libyara64.lib(uid.obj) : warning LNK4099: 未找到 PDB“”(使用“libyara64.lib(uid.obj)”或在“”中寻找)；正在链接对象，如同没有调试信息一样
libyara64.lib(bn_sqr.obj) : warning LNK4099: 未找到 PDB“”(使用“libyara64.lib(bn_sqr.obj)”或在“”中寻找)；正在链接对象，如同没有调试信息一样
libyara64.lib(p5_pbe.obj) : warning LNK4099: 未找到 PDB“”(使用“libyara64.lib(p5_pbe.obj)”或在“”中寻找)；正在链接对象，如同没有调试信息一样
libyara64.lib(p5_pbev2.obj) : warning LNK4099: 未找到 PDB“”(使用“libyara64.lib(p5_pbev2.obj)”或在“”中寻找)；正在链接对象，如同没有调试信息一样
libyara64.lib(p12_key.obj) : warning LNK4099: 未找到 PDB“”(使用“libyara64.lib(p12_key.obj)”或在“”中寻找)；正在链接对象，如同没有调试信息一样
libyara64.lib(v3_alt.obj) : warning LNK4099: 未找到 PDB“”(使用“libyara64.lib(v3_alt.obj)”或在“”中寻找)；正在链接对象，如同没有调试信息一样
libyara64.lib(v3_conf.obj) : warning LNK4099: 未找到 PDB“”(使用“libyara64.lib(v3_conf.obj)”或在“”中寻找)；正在链接对象，如同没有调试信息一样
libyara64.lib(v3_pcons.obj) : warning LNK4099: 未找到 PDB“”(使用“libyara64.lib(v3_pcons.obj)”或在“”中寻找)；正在链接对象，如同没有调试信息一样
libyara64.lib(pcy_data.obj) : warning LNK4099: 未找到 PDB“”(使用“libyara64.lib(pcy_data.obj)”或在“”中寻找)；正在链接对象，如同没有调试信息一样
libyara64.lib(pcy_map.obj) : warning LNK4099: 未找到 PDB“”(使用“libyara64.lib(pcy_map.obj)”或在“”中寻找)；正在链接对象，如同没有调试信息一样
libyara64.lib(x509_req.obj) : warning LNK4099: 未找到 PDB“”(使用“libyara64.lib(x509_req.obj)”或在“”中寻找)；正在链接对象，如同没有调试信息一样
libyara64.lib(v3_info.obj) : warning LNK4099: 未找到 PDB“”(使用“libyara64.lib(v3_info.obj)”或在“”中寻找)；正在链接对象，如同没有调试信息一样
libyara64.lib(pcy_lib.obj) : warning LNK4099: 未找到 PDB“”(使用“libyara64.lib(pcy_lib.obj)”或在“”中寻找)；正在链接对象，如同没有调试信息一样
libyara64.lib(pcy_node.obj) : warning LNK4099: 未找到 PDB“”(使用“libyara64.lib(pcy_node.obj)”或在“”中寻找)；正在链接对象，如同没有调试信息一样
libyara64.lib(v3_pcia.obj) : warning LNK4099: 未找到 PDB“”(使用“libyara64.lib(v3_pcia.obj)”或在“”中寻找)；正在链接对象，如同没有调试信息一样
libyara64.lib(v3_bcons.obj) : warning LNK4099: 未找到 PDB“”(使用“libyara64.lib(v3_bcons.obj)”或在“”中寻找)；正在链接对象，如同没有调试信息一样
libyara64.lib(bio_asn1.obj) : warning LNK4099: 未找到 PDB“”(使用“libyara64.lib(bio_asn1.obj)”或在“”中寻找)；正在链接对象，如同没有调试信息一样
libyara64.lib(ocsp_asn.obj) : warning LNK4099: 未找到 PDB“”(使用“libyara64.lib(ocsp_asn.obj)”或在“”中寻找)；正在链接对象，如同没有调试信息一样
libyara64.lib(cms_io.obj) : warning LNK4099: 未找到 PDB“”(使用“libyara64.lib(cms_io.obj)”或在“”中寻找)；正在链接对象，如同没有调试信息一样
libyara64.lib(aes_core.obj) : warning LNK4099: 未找到 PDB“”(使用“libyara64.lib(aes_core.obj)”或在“”中寻找)；正在链接对象，如同没有调试信息一样
libyara64.lib(aes_wrap.obj) : warning LNK4099: 未找到 PDB“”(使用“libyara64.lib(aes_wrap.obj)”或在“”中寻找)；正在链接对象，如同没有调试信息一样
libyara64.lib(cms_kari.obj) : warning LNK4099: 未找到 PDB“”(使用“libyara64.lib(cms_kari.obj)”或在“”中寻找)；正在链接对象，如同没有调试信息一样
libyara64.lib(cms_pwri.obj) : warning LNK4099: 未找到 PDB“”(使用“libyara64.lib(cms_pwri.obj)”或在“”中寻找)；正在链接对象，如同没有调试信息一样
libyara64.lib(v3_bitst.obj) : warning LNK4099: 未找到 PDB“”(使用“libyara64.lib(v3_bitst.obj)”或在“”中寻找)；正在链接对象，如同没有调试信息一样
libyara64.lib(v3_extku.obj) : warning LNK4099: 未找到 PDB“”(使用“libyara64.lib(v3_extku.obj)”或在“”中寻找)；正在链接对象，如同没有调试信息一样
libyara64.lib(v3_pku.obj) : warning LNK4099: 未找到 PDB“”(使用“libyara64.lib(v3_pku.obj)”或在“”中寻找)；正在链接对象，如同没有调试信息一样
libyara64.lib(v3_sxnet.obj) : warning LNK4099: 未找到 PDB“”(使用“libyara64.lib(v3_sxnet.obj)”或在“”中寻找)；正在链接对象，如同没有调试信息一样
libyara64.lib(v3_ia5.obj) : warning LNK4099: 未找到 PDB“”(使用“libyara64.lib(v3_ia5.obj)”或在“”中寻找)；正在链接对象，如同没有调试信息一样
libyara64.lib(v3_skey.obj) : warning LNK4099: 未找到 PDB“”(使用“libyara64.lib(v3_skey.obj)”或在“”中寻找)；正在链接对象，如同没有调试信息一样
libyara64.lib(v3_akey.obj) : warning LNK4099: 未找到 PDB“”(使用“libyara64.lib(v3_akey.obj)”或在“”中寻找)；正在链接对象，如同没有调试信息一样
libyara64.lib(v3_int.obj) : warning LNK4099: 未找到 PDB“”(使用“libyara64.lib(v3_int.obj)”或在“”中寻找)；正在链接对象，如同没有调试信息一样
libyara64.lib(v3_enum.obj) : warning LNK4099: 未找到 PDB“”(使用“libyara64.lib(v3_enum.obj)”或在“”中寻找)；正在链接对象，如同没有调试信息一样
libyara64.lib(v3_ocsp.obj) : warning LNK4099: 未找到 PDB“”(使用“libyara64.lib(v3_ocsp.obj)”或在“”中寻找)；正在链接对象，如同没有调试信息一样
libyara64.lib(v3_pci.obj) : warning LNK4099: 未找到 PDB“”(使用“libyara64.lib(v3_pci.obj)”或在“”中寻找)；正在链接对象，如同没有调试信息一样
libyara64.lib(v3_pmaps.obj) : warning LNK4099: 未找到 PDB“”(使用“libyara64.lib(v3_pmaps.obj)”或在“”中寻找)；正在链接对象，如同没有调试信息一样
libyara64.lib(ct_x509v3.obj) : warning LNK4099: 未找到 PDB“”(使用“libyara64.lib(ct_x509v3.obj)”或在“”中寻找)；正在链接对象，如同没有调试信息一样
libyara64.lib(v3_tlsf.obj) : warning LNK4099: 未找到 PDB“”(使用“libyara64.lib(v3_tlsf.obj)”或在“”中寻找)；正在链接对象，如同没有调试信息一样
libyara64.lib(v3_admis.obj) : warning LNK4099: 未找到 PDB“”(使用“libyara64.lib(v3_admis.obj)”或在“”中寻找)；正在链接对象，如同没有调试信息一样
libyara64.lib(des_enc.obj) : warning LNK4099: 未找到 PDB“”(使用“libyara64.lib(des_enc.obj)”或在“”中寻找)；正在链接对象，如同没有调试信息一样
libyara64.lib(cfb_enc.obj) : warning LNK4099: 未找到 PDB“”(使用“libyara64.lib(cfb_enc.obj)”或在“”中寻找)；正在链接对象，如同没有调试信息一样
libyara64.lib(ecb_enc.obj) : warning LNK4099: 未找到 PDB“”(使用“libyara64.lib(ecb_enc.obj)”或在“”中寻找)；正在链接对象，如同没有调试信息一样
libyara64.lib(set_key.obj) : warning LNK4099: 未找到 PDB“”(使用“libyara64.lib(set_key.obj)”或在“”中寻找)；正在链接对象，如同没有调试信息一样
libyara64.lib(cfb64enc.obj) : warning LNK4099: 未找到 PDB“”(使用“libyara64.lib(cfb64enc.obj)”或在“”中寻找)；正在链接对象，如同没有调试信息一样
libyara64.lib(ofb64enc.obj) : warning LNK4099: 未找到 PDB“”(使用“libyara64.lib(ofb64enc.obj)”或在“”中寻找)；正在链接对象，如同没有调试信息一样
libyara64.lib(ecb3_enc.obj) : warning LNK4099: 未找到 PDB“”(使用“libyara64.lib(ecb3_enc.obj)”或在“”中寻找)；正在链接对象，如同没有调试信息一样
libyara64.lib(cfb64ede.obj) : warning LNK4099: 未找到 PDB“”(使用“libyara64.lib(cfb64ede.obj)”或在“”中寻找)；正在链接对象，如同没有调试信息一样
libyara64.lib(ofb64ede.obj) : warning LNK4099: 未找到 PDB“”(使用“libyara64.lib(ofb64ede.obj)”或在“”中寻找)；正在链接对象，如同没有调试信息一样
libyara64.lib(sha1_one.obj) : warning LNK4099: 未找到 PDB“”(使用“libyara64.lib(sha1_one.obj)”或在“”中寻找)；正在链接对象，如同没有调试信息一样
libyara64.lib(xcbc_enc.obj) : warning LNK4099: 未找到 PDB“”(使用“libyara64.lib(xcbc_enc.obj)”或在“”中寻找)；正在链接对象，如同没有调试信息一样
libyara64.lib(i_ecb.obj) : warning LNK4099: 未找到 PDB“”(使用“libyara64.lib(i_ecb.obj)”或在“”中寻找)；正在链接对象，如同没有调试信息一样
libyara64.lib(i_skey.obj) : warning LNK4099: 未找到 PDB“”(使用“libyara64.lib(i_skey.obj)”或在“”中寻找)；正在链接对象，如同没有调试信息一样
libyara64.lib(i_cbc.obj) : warning LNK4099: 未找到 PDB“”(使用“libyara64.lib(i_cbc.obj)”或在“”中寻找)；正在链接对象，如同没有调试信息一样
libyara64.lib(i_cfb64.obj) : warning LNK4099: 未找到 PDB“”(使用“libyara64.lib(i_cfb64.obj)”或在“”中寻找)；正在链接对象，如同没有调试信息一样
libyara64.lib(i_ofb64.obj) : warning LNK4099: 未找到 PDB“”(使用“libyara64.lib(i_ofb64.obj)”或在“”中寻找)；正在链接对象，如同没有调试信息一样
libyara64.lib(rc2_skey.obj) : warning LNK4099: 未找到 PDB“”(使用“libyara64.lib(rc2_skey.obj)”或在“”中寻找)；正在链接对象，如同没有调试信息一样
libyara64.lib(rc2_ecb.obj) : warning LNK4099: 未找到 PDB“”(使用“libyara64.lib(rc2_ecb.obj)”或在“”中寻找)；正在链接对象，如同没有调试信息一样
libyara64.lib(rc2_cbc.obj) : warning LNK4099: 未找到 PDB“”(使用“libyara64.lib(rc2_cbc.obj)”或在“”中寻找)；正在链接对象，如同没有调试信息一样
libyara64.lib(rc2cfb64.obj) : warning LNK4099: 未找到 PDB“”(使用“libyara64.lib(rc2cfb64.obj)”或在“”中寻找)；正在链接对象，如同没有调试信息一样
libyara64.lib(rc2ofb64.obj) : warning LNK4099: 未找到 PDB“”(使用“libyara64.lib(rc2ofb64.obj)”或在“”中寻找)；正在链接对象，如同没有调试信息一样
libyara64.lib(bf_skey.obj) : warning LNK4099: 未找到 PDB“”(使用“libyara64.lib(bf_skey.obj)”或在“”中寻找)；正在链接对象，如同没有调试信息一样
libyara64.lib(bf_ecb.obj) : warning LNK4099: 未找到 PDB“”(使用“libyara64.lib(bf_ecb.obj)”或在“”中寻找)；正在链接对象，如同没有调试信息一样
libyara64.lib(bf_enc.obj) : warning LNK4099: 未找到 PDB“”(使用“libyara64.lib(bf_enc.obj)”或在“”中寻找)；正在链接对象，如同没有调试信息一样
libyara64.lib(bf_cfb64.obj) : warning LNK4099: 未找到 PDB“”(使用“libyara64.lib(bf_cfb64.obj)”或在“”中寻找)；正在链接对象，如同没有调试信息一样
libyara64.lib(bf_ofb64.obj) : warning LNK4099: 未找到 PDB“”(使用“libyara64.lib(bf_ofb64.obj)”或在“”中寻找)；正在链接对象，如同没有调试信息一样
libyara64.lib(c_skey.obj) : warning LNK4099: 未找到 PDB“”(使用“libyara64.lib(c_skey.obj)”或在“”中寻找)；正在链接对象，如同没有调试信息一样
libyara64.lib(c_ecb.obj) : warning LNK4099: 未找到 PDB“”(使用“libyara64.lib(c_ecb.obj)”或在“”中寻找)；正在链接对象，如同没有调试信息一样
libyara64.lib(c_enc.obj) : warning LNK4099: 未找到 PDB“”(使用“libyara64.lib(c_enc.obj)”或在“”中寻找)；正在链接对象，如同没有调试信息一样
libyara64.lib(c_cfb64.obj) : warning LNK4099: 未找到 PDB“”(使用“libyara64.lib(c_cfb64.obj)”或在“”中寻找)；正在链接对象，如同没有调试信息一样
libyara64.lib(c_ofb64.obj) : warning LNK4099: 未找到 PDB“”(使用“libyara64.lib(c_ofb64.obj)”或在“”中寻找)；正在链接对象，如同没有调试信息一样
libyara64.lib(aes_cbc.obj) : warning LNK4099: 未找到 PDB“”(使用“libyara64.lib(aes_cbc.obj)”或在“”中寻找)；正在链接对象，如同没有调试信息一样
libyara64.lib(cbc128.obj) : warning LNK4099: 未找到 PDB“”(使用“libyara64.lib(cbc128.obj)”或在“”中寻找)；正在链接对象，如同没有调试信息一样
libyara64.lib(ctr128.obj) : warning LNK4099: 未找到 PDB“”(使用“libyara64.lib(ctr128.obj)”或在“”中寻找)；正在链接对象，如同没有调试信息一样
libyara64.lib(ofb128.obj) : warning LNK4099: 未找到 PDB“”(使用“libyara64.lib(ofb128.obj)”或在“”中寻找)；正在链接对象，如同没有调试信息一样
libyara64.lib(cfb128.obj) : warning LNK4099: 未找到 PDB“”(使用“libyara64.lib(cfb128.obj)”或在“”中寻找)；正在链接对象，如同没有调试信息一样
libyara64.lib(gcm128.obj) : warning LNK4099: 未找到 PDB“”(使用“libyara64.lib(gcm128.obj)”或在“”中寻找)；正在链接对象，如同没有调试信息一样
libyara64.lib(ccm128.obj) : warning LNK4099: 未找到 PDB“”(使用“libyara64.lib(ccm128.obj)”或在“”中寻找)；正在链接对象，如同没有调试信息一样
libyara64.lib(xts128.obj) : warning LNK4099: 未找到 PDB“”(使用“libyara64.lib(xts128.obj)”或在“”中寻找)；正在链接对象，如同没有调试信息一样
libyara64.lib(wrap128.obj) : warning LNK4099: 未找到 PDB“”(使用“libyara64.lib(wrap128.obj)”或在“”中寻找)；正在链接对象，如同没有调试信息一样
libyara64.lib(ocb128.obj) : warning LNK4099: 未找到 PDB“”(使用“libyara64.lib(ocb128.obj)”或在“”中寻找)；正在链接对象，如同没有调试信息一样
libyara64.lib(aria.obj) : warning LNK4099: 未找到 PDB“”(使用“libyara64.lib(aria.obj)”或在“”中寻找)；正在链接对象，如同没有调试信息一样
libyara64.lib(cmll_misc.obj) : warning LNK4099: 未找到 PDB“”(使用“libyara64.lib(cmll_misc.obj)”或在“”中寻找)；正在链接对象，如同没有调试信息一样
libyara64.lib(seed.obj) : warning LNK4099: 未找到 PDB“”(使用“libyara64.lib(seed.obj)”或在“”中寻找)；正在链接对象，如同没有调试信息一样
libyara64.lib(seed_ecb.obj) : warning LNK4099: 未找到 PDB“”(使用“libyara64.lib(seed_ecb.obj)”或在“”中寻找)；正在链接对象，如同没有调试信息一样
libyara64.lib(seed_cbc.obj) : warning LNK4099: 未找到 PDB“”(使用“libyara64.lib(seed_cbc.obj)”或在“”中寻找)；正在链接对象，如同没有调试信息一样
libyara64.lib(seed_cfb.obj) : warning LNK4099: 未找到 PDB“”(使用“libyara64.lib(seed_cfb.obj)”或在“”中寻找)；正在链接对象，如同没有调试信息一样
libyara64.lib(seed_ofb.obj) : warning LNK4099: 未找到 PDB“”(使用“libyara64.lib(seed_ofb.obj)”或在“”中寻找)；正在链接对象，如同没有调试信息一样
libyara64.lib(sm4.obj) : warning LNK4099: 未找到 PDB“”(使用“libyara64.lib(sm4.obj)”或在“”中寻找)；正在链接对象，如同没有调试信息一样
libyara64.lib(md4_dgst.obj) : warning LNK4099: 未找到 PDB“”(使用“libyara64.lib(md4_dgst.obj)”或在“”中寻找)；正在链接对象，如同没有调试信息一样
libyara64.lib(blake2b.obj) : warning LNK4099: 未找到 PDB“”(使用“libyara64.lib(blake2b.obj)”或在“”中寻找)；正在链接对象，如同没有调试信息一样
libyara64.lib(blake2s.obj) : warning LNK4099: 未找到 PDB“”(使用“libyara64.lib(blake2s.obj)”或在“”中寻找)；正在链接对象，如同没有调试信息一样
libyara64.lib(mdc2dgst.obj) : warning LNK4099: 未找到 PDB“”(使用“libyara64.lib(mdc2dgst.obj)”或在“”中寻找)；正在链接对象，如同没有调试信息一样
libyara64.lib(rmd_dgst.obj) : warning LNK4099: 未找到 PDB“”(使用“libyara64.lib(rmd_dgst.obj)”或在“”中寻找)；正在链接对象，如同没有调试信息一样
libyara64.lib(wp_dgst.obj) : warning LNK4099: 未找到 PDB“”(使用“libyara64.lib(wp_dgst.obj)”或在“”中寻找)；正在链接对象，如同没有调试信息一样
libyara64.lib(asn_moid.obj) : warning LNK4099: 未找到 PDB“”(使用“libyara64.lib(asn_moid.obj)”或在“”中寻找)；正在链接对象，如同没有调试信息一样
libyara64.lib(asn_mstbl.obj) : warning LNK4099: 未找到 PDB“”(使用“libyara64.lib(asn_mstbl.obj)”或在“”中寻找)；正在链接对象，如同没有调试信息一样
libyara64.lib(evp_cnf.obj) : warning LNK4099: 未找到 PDB“”(使用“libyara64.lib(evp_cnf.obj)”或在“”中寻找)；正在链接对象，如同没有调试信息一样
libyara64.lib(eng_cnf.obj) : warning LNK4099: 未找到 PDB“”(使用“libyara64.lib(eng_cnf.obj)”或在“”中寻找)；正在链接对象，如同没有调试信息一样
libyara64.lib(conf_ssl.obj) : warning LNK4099: 未找到 PDB“”(使用“libyara64.lib(conf_ssl.obj)”或在“”中寻找)；正在链接对象，如同没有调试信息一样
libyara64.lib(conf_def.obj) : warning LNK4099: 未找到 PDB“”(使用“libyara64.lib(conf_def.obj)”或在“”中寻找)；正在链接对象，如同没有调试信息一样
libyara64.lib(conf_api.obj) : warning LNK4099: 未找到 PDB“”(使用“libyara64.lib(conf_api.obj)”或在“”中寻找)；正在链接对象，如同没有调试信息一样
libyara64.lib(dso_win32.obj) : warning LNK4099: 未找到 PDB“”(使用“libyara64.lib(dso_win32.obj)”或在“”中寻找)；正在链接对象，如同没有调试信息一样
libyara64.lib(rsa_pk1.obj) : warning LNK4099: 未找到 PDB“”(使用“libyara64.lib(rsa_pk1.obj)”或在“”中寻找)；正在链接对象，如同没有调试信息一样
libyara64.lib(rsa_ssl.obj) : warning LNK4099: 未找到 PDB“”(使用“libyara64.lib(rsa_ssl.obj)”或在“”中寻找)；正在链接对象，如同没有调试信息一样
libyara64.lib(rsa_none.obj) : warning LNK4099: 未找到 PDB“”(使用“libyara64.lib(rsa_none.obj)”或在“”中寻找)；正在链接对象，如同没有调试信息一样
libyara64.lib(bn_exp2.obj) : warning LNK4099: 未找到 PDB“”(使用“libyara64.lib(bn_exp2.obj)”或在“”中寻找)；正在链接对象，如同没有调试信息一样
libyara64.lib(dh_asn1.obj) : warning LNK4099: 未找到 PDB“”(使用“libyara64.lib(dh_asn1.obj)”或在“”中寻找)；正在链接对象，如同没有调试信息一样
libyara64.lib(p12_p8d.obj) : warning LNK4099: 未找到 PDB“”(使用“libyara64.lib(p12_p8d.obj)”或在“”中寻找)；正在链接对象，如同没有调试信息一样
libyara64.lib(pem_lib.obj) : warning LNK4099: 未找到 PDB“”(使用“libyara64.lib(pem_lib.obj)”或在“”中寻找)；正在链接对象，如同没有调试信息一样
libyara64.lib(pem_pk8.obj) : warning LNK4099: 未找到 PDB“”(使用“libyara64.lib(pem_pk8.obj)”或在“”中寻找)；正在链接对象，如同没有调试信息一样
libyara64.lib(err_prn.obj) : warning LNK4099: 未找到 PDB“”(使用“libyara64.lib(err_prn.obj)”或在“”中寻找)；正在链接对象，如同没有调试信息一样
libyara64.lib(v3_prn.obj) : warning LNK4099: 未找到 PDB“”(使用“libyara64.lib(v3_prn.obj)”或在“”中寻找)；正在链接对象，如同没有调试信息一样
libyara64.lib(pem_oth.obj) : warning LNK4099: 未找到 PDB“”(使用“libyara64.lib(pem_oth.obj)”或在“”中寻找)；正在链接对象，如同没有调试信息一样
libyara64.lib(p12_decr.obj) : warning LNK4099: 未找到 PDB“”(使用“libyara64.lib(p12_decr.obj)”或在“”中寻找)；正在链接对象，如同没有调试信息一样
libyara64.lib(p12_mutl.obj) : warning LNK4099: 未找到 PDB“”(使用“libyara64.lib(p12_mutl.obj)”或在“”中寻找)；正在链接对象，如同没有调试信息一样
libyara64.lib(p12_asn.obj) : warning LNK4099: 未找到 PDB“”(使用“libyara64.lib(p12_asn.obj)”或在“”中寻找)；正在链接对象，如同没有调试信息一样
libyara64.lib(p12_kiss.obj) : warning LNK4099: 未找到 PDB“”(使用“libyara64.lib(p12_kiss.obj)”或在“”中寻找)；正在链接对象，如同没有调试信息一样
libyara64.lib(store_lib.obj) : warning LNK4099: 未找到 PDB“”(使用“libyara64.lib(store_lib.obj)”或在“”中寻找)；正在链接对象，如同没有调试信息一样
libyara64.lib(ui_lib.obj) : warning LNK4099: 未找到 PDB“”(使用“libyara64.lib(ui_lib.obj)”或在“”中寻找)；正在链接对象，如同没有调试信息一样
libyara64.lib(o_dir.obj) : warning LNK4099: 未找到 PDB“”(使用“libyara64.lib(o_dir.obj)”或在“”中寻找)；正在链接对象，如同没有调试信息一样
libyara64.lib(bn_recp.obj) : warning LNK4099: 未找到 PDB“”(使用“libyara64.lib(bn_recp.obj)”或在“”中寻找)；正在链接对象，如同没有调试信息一样
libyara64.lib(rsaz_exp.obj) : warning LNK4099: 未找到 PDB“”(使用“libyara64.lib(rsaz_exp.obj)”或在“”中寻找)；正在链接对象，如同没有调试信息一样
libyara64.lib(ecp_smpl.obj) : warning LNK4099: 未找到 PDB“”(使用“libyara64.lib(ecp_smpl.obj)”或在“”中寻找)；正在链接对象，如同没有调试信息一样
libyara64.lib(ecp_mont.obj) : warning LNK4099: 未找到 PDB“”(使用“libyara64.lib(ecp_mont.obj)”或在“”中寻找)；正在链接对象，如同没有调试信息一样
libyara64.lib(ec2_smpl.obj) : warning LNK4099: 未找到 PDB“”(使用“libyara64.lib(ec2_smpl.obj)”或在“”中寻找)；正在链接对象，如同没有调试信息一样
libyara64.lib(ecp_oct.obj) : warning LNK4099: 未找到 PDB“”(使用“libyara64.lib(ecp_oct.obj)”或在“”中寻找)；正在链接对象，如同没有调试信息一样
libyara64.lib(ec2_oct.obj) : warning LNK4099: 未找到 PDB“”(使用“libyara64.lib(ec2_oct.obj)”或在“”中寻找)；正在链接对象，如同没有调试信息一样
libyara64.lib(ec_check.obj) : warning LNK4099: 未找到 PDB“”(使用“libyara64.lib(ec_check.obj)”或在“”中寻找)；正在链接对象，如同没有调试信息一样
libyara64.lib(eck_prn.obj) : warning LNK4099: 未找到 PDB“”(使用“libyara64.lib(eck_prn.obj)”或在“”中寻找)；正在链接对象，如同没有调试信息一样
libyara64.lib(p12_utl.obj) : warning LNK4099: 未找到 PDB“”(使用“libyara64.lib(p12_utl.obj)”或在“”中寻找)；正在链接对象，如同没有调试信息一样
libyara64.lib(asn1_gen.obj) : warning LNK4099: 未找到 PDB“”(使用“libyara64.lib(asn1_gen.obj)”或在“”中寻找)；正在链接对象，如同没有调试信息一样
libyara64.lib(x509rset.obj) : warning LNK4099: 未找到 PDB“”(使用“libyara64.lib(x509rset.obj)”或在“”中寻找)；正在链接对象，如同没有调试信息一样
libyara64.lib(f_string.obj) : warning LNK4099: 未找到 PDB“”(使用“libyara64.lib(f_string.obj)”或在“”中寻找)；正在链接对象，如同没有调试信息一样
libyara64.lib(ct_sct.obj) : warning LNK4099: 未找到 PDB“”(使用“libyara64.lib(ct_sct.obj)”或在“”中寻找)；正在链接对象，如同没有调试信息一样
libyara64.lib(ct_oct.obj) : warning LNK4099: 未找到 PDB“”(使用“libyara64.lib(ct_oct.obj)”或在“”中寻找)；正在链接对象，如同没有调试信息一样
libyara64.lib(ct_prn.obj) : warning LNK4099: 未找到 PDB“”(使用“libyara64.lib(ct_prn.obj)”或在“”中寻找)；正在链接对象，如同没有调试信息一样
libyara64.lib(evp_key.obj) : warning LNK4099: 未找到 PDB“”(使用“libyara64.lib(evp_key.obj)”或在“”中寻找)；正在链接对象，如同没有调试信息一样
libyara64.lib(p12_p8e.obj) : warning LNK4099: 未找到 PDB“”(使用“libyara64.lib(p12_p8e.obj)”或在“”中寻找)；正在链接对象，如同没有调试信息一样
libyara64.lib(p12_sbag.obj) : warning LNK4099: 未找到 PDB“”(使用“libyara64.lib(p12_sbag.obj)”或在“”中寻找)；正在链接对象，如同没有调试信息一样
libyara64.lib(p12_add.obj) : warning LNK4099: 未找到 PDB“”(使用“libyara64.lib(p12_add.obj)”或在“”中寻找)；正在链接对象，如同没有调试信息一样
libyara64.lib(ui_openssl.obj) : warning LNK4099: 未找到 PDB“”(使用“libyara64.lib(ui_openssl.obj)”或在“”中寻找)；正在链接对象，如同没有调试信息一样
libyara64.lib(ui_null.obj) : warning LNK4099: 未找到 PDB“”(使用“libyara64.lib(ui_null.obj)”或在“”中寻找)；正在链接对象，如同没有调试信息一样
libyara64.lib(bn_gf2m.obj) : warning LNK4099: 未找到 PDB“”(使用“libyara64.lib(bn_gf2m.obj)”或在“”中寻找)；正在链接对象，如同没有调试信息一样
libyara64.lib(bn_kron.obj) : warning LNK4099: 未找到 PDB“”(使用“libyara64.lib(bn_kron.obj)”或在“”中寻找)；正在链接对象，如同没有调试信息一样
libyara64.lib(bn_sqrt.obj) : warning LNK4099: 未找到 PDB“”(使用“libyara64.lib(bn_sqrt.obj)”或在“”中寻找)；正在链接对象，如同没有调试信息一样
libyara64.lib(ec_print.obj) : warning LNK4099: 未找到 PDB“”(使用“libyara64.lib(ec_print.obj)”或在“”中寻找)；正在链接对象，如同没有调试信息一样
libyara64.lib(ct_log.obj) : warning LNK4099: 未找到 PDB“”(使用“libyara64.lib(ct_log.obj)”或在“”中寻找)；正在链接对象，如同没有调试信息一样
libyara64.lib(ct_sct_ctx.obj) : warning LNK4099: 未找到 PDB“”(使用“libyara64.lib(ct_sct_ctx.obj)”或在“”中寻找)；正在链接对象，如同没有调试信息一样
libyara64.lib(ct_vfy.obj) : warning LNK4099: 未找到 PDB“”(使用“libyara64.lib(ct_vfy.obj)”或在“”中寻找)；正在链接对象，如同没有调试信息一样
libyara64.lib(p12_attr.obj) : warning LNK4099: 未找到 PDB“”(使用“libyara64.lib(p12_attr.obj)”或在“”中寻找)；正在链接对象，如同没有调试信息一样
libyara64.lib(ct_b64.obj) : warning LNK4099: 未找到 PDB“”(使用“libyara64.lib(ct_b64.obj)”或在“”中寻找)；正在链接对象，如同没有调试信息一样
  yarac.vcxproj -> C:\Users\endlessparadox\Desktop\4mon\yara-4.5.0\yara-4.5.0\windows\vs2019\Debug\yarac64.exe
