c:\users\endlessparadox\desktop\4mon\yara-4.5.0\yara-4.5.0\windows\vs2019\libyara\debug\libyara64.pdb
c:\users\endlessparadox\desktop\4mon\yara-4.5.0\yara-4.5.0\windows\libyara\parser.obj
c:\users\endlessparadox\desktop\4mon\yara-4.5.0\yara-4.5.0\windows\libyara\object.obj
c:\users\endlessparadox\desktop\4mon\yara-4.5.0\yara-4.5.0\windows\libyara\notebook.obj
c:\users\endlessparadox\desktop\4mon\yara-4.5.0\yara-4.5.0\windows\libyara\modules.obj
c:\users\endlessparadox\desktop\4mon\yara-4.5.0\yara-4.5.0\windows\libyara\mem.obj
c:\users\endlessparadox\desktop\4mon\yara-4.5.0\yara-4.5.0\windows\libyara\libyara.obj
c:\users\endlessparadox\desktop\4mon\yara-4.5.0\yara-4.5.0\windows\libyara\lexer.obj
c:\users\endlessparadox\desktop\4mon\yara-4.5.0\yara-4.5.0\windows\libyara\hex_lexer.obj
c:\users\endlessparadox\desktop\4mon\yara-4.5.0\yara-4.5.0\windows\libyara\hex_grammar.obj
c:\users\endlessparadox\desktop\4mon\yara-4.5.0\yara-4.5.0\windows\libyara\hash.obj
c:\users\endlessparadox\desktop\4mon\yara-4.5.0\yara-4.5.0\windows\libyara\grammar.obj
c:\users\endlessparadox\desktop\4mon\yara-4.5.0\yara-4.5.0\windows\libyara\filemap.obj
c:\users\endlessparadox\desktop\4mon\yara-4.5.0\yara-4.5.0\windows\libyara\exefiles.obj
c:\users\endlessparadox\desktop\4mon\yara-4.5.0\yara-4.5.0\windows\libyara\exec.obj
c:\users\endlessparadox\desktop\4mon\yara-4.5.0\yara-4.5.0\windows\libyara\compiler.obj
c:\users\endlessparadox\desktop\4mon\yara-4.5.0\yara-4.5.0\windows\libyara\bitmask.obj
c:\users\endlessparadox\desktop\4mon\yara-4.5.0\yara-4.5.0\windows\libyara\base64.obj
c:\users\endlessparadox\desktop\4mon\yara-4.5.0\yara-4.5.0\windows\libyara\atoms.obj
c:\users\endlessparadox\desktop\4mon\yara-4.5.0\yara-4.5.0\windows\libyara\arena.obj
c:\users\endlessparadox\desktop\4mon\yara-4.5.0\yara-4.5.0\windows\libyara\ahocorasick.obj
c:\users\endlessparadox\desktop\4mon\yara-4.5.0\yara-4.5.0\windows\libyara\simple_str.obj
c:\users\endlessparadox\desktop\4mon\yara-4.5.0\yara-4.5.0\windows\libyara\threading.obj
c:\users\endlessparadox\desktop\4mon\yara-4.5.0\yara-4.5.0\windows\libyara\strutils.obj
c:\users\endlessparadox\desktop\4mon\yara-4.5.0\yara-4.5.0\windows\libyara\stream.obj
c:\users\endlessparadox\desktop\4mon\yara-4.5.0\yara-4.5.0\windows\libyara\stopwatch.obj
c:\users\endlessparadox\desktop\4mon\yara-4.5.0\yara-4.5.0\windows\libyara\stack.obj
c:\users\endlessparadox\desktop\4mon\yara-4.5.0\yara-4.5.0\windows\libyara\sizedstr.obj
c:\users\endlessparadox\desktop\4mon\yara-4.5.0\yara-4.5.0\windows\libyara\scanner.obj
c:\users\endlessparadox\desktop\4mon\yara-4.5.0\yara-4.5.0\windows\libyara\scan.obj
c:\users\endlessparadox\desktop\4mon\yara-4.5.0\yara-4.5.0\windows\libyara\rules.obj
c:\users\endlessparadox\desktop\4mon\yara-4.5.0\yara-4.5.0\windows\libyara\re_lexer.obj
c:\users\endlessparadox\desktop\4mon\yara-4.5.0\yara-4.5.0\windows\libyara\re_grammar.obj
c:\users\endlessparadox\desktop\4mon\yara-4.5.0\yara-4.5.0\windows\libyara\re.obj
c:\users\endlessparadox\desktop\4mon\yara-4.5.0\yara-4.5.0\windows\libyara\proc.obj
c:\users\endlessparadox\desktop\4mon\yara-4.5.0\yara-4.5.0\windows\libyara\modules\console\console.obj
c:\users\endlessparadox\desktop\4mon\yara-4.5.0\yara-4.5.0\windows\libyara\modules\cuckoo\cuckoo.obj
c:\users\endlessparadox\desktop\4mon\yara-4.5.0\yara-4.5.0\windows\libyara\modules\dex\dex.obj
c:\users\endlessparadox\desktop\4mon\yara-4.5.0\yara-4.5.0\windows\libyara\modules\dotnet\dotnet.obj
c:\users\endlessparadox\desktop\4mon\yara-4.5.0\yara-4.5.0\windows\libyara\modules\elf\elf.obj
c:\users\endlessparadox\desktop\4mon\yara-4.5.0\yara-4.5.0\windows\libyara\modules\hash\hash.obj
c:\users\endlessparadox\desktop\4mon\yara-4.5.0\yara-4.5.0\windows\libyara\modules\math\math.obj
c:\users\endlessparadox\desktop\4mon\yara-4.5.0\yara-4.5.0\windows\libyara\modules\macho\macho.obj
c:\users\endlessparadox\desktop\4mon\yara-4.5.0\yara-4.5.0\windows\libyara\modules\pe\pe_utils.obj
c:\users\endlessparadox\desktop\4mon\yara-4.5.0\yara-4.5.0\windows\libyara\modules\pe\pe.obj
c:\users\endlessparadox\desktop\4mon\yara-4.5.0\yara-4.5.0\windows\libyara\modules\pe\authenticode-parser\certificate.obj
c:\users\endlessparadox\desktop\4mon\yara-4.5.0\yara-4.5.0\windows\libyara\modules\pe\authenticode-parser\structs.obj
c:\users\endlessparadox\desktop\4mon\yara-4.5.0\yara-4.5.0\windows\libyara\modules\pe\authenticode-parser\countersignature.obj
c:\users\endlessparadox\desktop\4mon\yara-4.5.0\yara-4.5.0\windows\libyara\modules\pe\authenticode-parser\helper.obj
c:\users\endlessparadox\desktop\4mon\yara-4.5.0\yara-4.5.0\windows\libyara\modules\pe\authenticode-parser\authenticode.obj
c:\users\endlessparadox\desktop\4mon\yara-4.5.0\yara-4.5.0\windows\libyara\modules\string\string.obj
c:\users\endlessparadox\desktop\4mon\yara-4.5.0\yara-4.5.0\windows\libyara\modules\tests\tests.obj
c:\users\endlessparadox\desktop\4mon\yara-4.5.0\yara-4.5.0\windows\libyara\modules\time\time.obj
c:\users\endlessparadox\desktop\4mon\yara-4.5.0\yara-4.5.0\windows\libyara\proc\windows.obj
c:\users\endlessparadox\desktop\4mon\yara-4.5.0\yara-4.5.0\windows\libyara\tlshc\tlsh.obj
c:\users\endlessparadox\desktop\4mon\yara-4.5.0\yara-4.5.0\windows\libyara\tlshc\tlsh_impl.obj
c:\users\endlessparadox\desktop\4mon\yara-4.5.0\yara-4.5.0\windows\libyara\tlshc\tlsh_util.obj
c:\users\endlessparadox\desktop\4mon\yara-4.5.0\yara-4.5.0\windows\vs2019\libyara\debug\libyara64.lib
c:\users\endlessparadox\desktop\4mon\yara-4.5.0\yara-4.5.0\windows\vs2019\libyara\debug\libyara.tlog\cl.command.1.tlog
c:\users\endlessparadox\desktop\4mon\yara-4.5.0\yara-4.5.0\windows\vs2019\libyara\debug\libyara.tlog\cl.items.tlog
c:\users\endlessparadox\desktop\4mon\yara-4.5.0\yara-4.5.0\windows\vs2019\libyara\debug\libyara.tlog\cl.read.1.tlog
c:\users\endlessparadox\desktop\4mon\yara-4.5.0\yara-4.5.0\windows\vs2019\libyara\debug\libyara.tlog\cl.write.1.tlog
c:\users\endlessparadox\desktop\4mon\yara-4.5.0\yara-4.5.0\windows\vs2019\libyara\debug\libyara.tlog\lib-link.read.1.tlog
c:\users\endlessparadox\desktop\4mon\yara-4.5.0\yara-4.5.0\windows\vs2019\libyara\debug\libyara.tlog\lib-link.write.1.tlog
c:\users\endlessparadox\desktop\4mon\yara-4.5.0\yara-4.5.0\windows\vs2019\libyara\debug\libyara.tlog\lib.command.1.tlog
